TimeQuest Timing Analyzer report for input_mux
Tue May 28 21:01:16 2024
Quartus II 64-Bit Version 13.1.0 Build 162 10/23/2013 SJ Web Edition


---------------------
; Table of Contents ;
---------------------
  1. Legal Notice
  2. TimeQuest Timing Analyzer Summary
  3. Parallel Compilation
  4. Clocks
  5. Slow 1200mV 85C Model Fmax Summary
  6. Timing Closure Recommendations
  7. Slow 1200mV 85C Model Setup Summary
  8. Slow 1200mV 85C Model Hold Summary
  9. Slow 1200mV 85C Model Recovery Summary
 10. Slow 1200mV 85C Model Removal Summary
 11. Slow 1200mV 85C Model Minimum Pulse Width Summary
 12. Propagation Delay
 13. Minimum Propagation Delay
 14. Slow 1200mV 85C Model Metastability Report
 15. Slow 1200mV 0C Model Fmax Summary
 16. Slow 1200mV 0C Model Setup Summary
 17. Slow 1200mV 0C Model Hold Summary
 18. Slow 1200mV 0C Model Recovery Summary
 19. Slow 1200mV 0C Model Removal Summary
 20. Slow 1200mV 0C Model Minimum Pulse Width Summary
 21. Propagation Delay
 22. Minimum Propagation Delay
 23. Slow 1200mV 0C Model Metastability Report
 24. Fast 1200mV 0C Model Setup Summary
 25. Fast 1200mV 0C Model Hold Summary
 26. Fast 1200mV 0C Model Recovery Summary
 27. Fast 1200mV 0C Model Removal Summary
 28. Fast 1200mV 0C Model Minimum Pulse Width Summary
 29. Propagation Delay
 30. Minimum Propagation Delay
 31. Fast 1200mV 0C Model Metastability Report
 32. Multicorner Timing Analysis Summary
 33. Propagation Delay
 34. Minimum Propagation Delay
 35. Board Trace Model Assignments
 36. Input Transition Times
 37. Slow Corner Signal Integrity Metrics
 38. Fast Corner Signal Integrity Metrics
 39. Clock Transfers
 40. Report TCCS
 41. Report RSKM
 42. Unconstrained Paths
 43. TimeQuest Timing Analyzer Messages



----------------
; Legal Notice ;
----------------
Copyright (C) 1991-2013 Altera Corporation
Your use of Altera Corporation's design tools, logic functions 
and other software and tools, and its AMPP partner logic 
functions, and any output files from any of the foregoing 
(including device programming or simulation files), and any 
associated documentation or information are expressly subject 
to the terms and conditions of the Altera Program License 
Subscription Agreement, Altera MegaCore Function License 
Agreement, or other applicable license agreement, including, 
without limitation, that your use is for the sole purpose of 
programming logic devices manufactured by Altera and sold by 
Altera or its authorized distributors.  Please refer to the 
applicable agreement for further details.



+-------------------------------------------------------------------------+
; TimeQuest Timing Analyzer Summary                                       ;
+--------------------+----------------------------------------------------+
; Quartus II Version ; Version 13.1.0 Build 162 10/23/2013 SJ Web Edition ;
; Revision Name      ; input_mux                                          ;
; Device Family      ; Cyclone III                                        ;
; Device Name        ; EP3C16F484C6                                       ;
; Timing Models      ; Final                                              ;
; Delay Model        ; Combined                                           ;
; Rise/Fall Delays   ; Enabled                                            ;
+--------------------+----------------------------------------------------+


Parallel compilation was disabled, but you have multiple processors available. Enable parallel compilation to reduce compilation time.
+-------------------------------------+
; Parallel Compilation                ;
+----------------------------+--------+
; Processors                 ; Number ;
+----------------------------+--------+
; Number detected on machine ; 8      ;
; Maximum allowed            ; 1      ;
+----------------------------+--------+


----------
; Clocks ;
----------
No clocks to report.


--------------------------------------
; Slow 1200mV 85C Model Fmax Summary ;
--------------------------------------
No paths to report.


----------------------------------
; Timing Closure Recommendations ;
----------------------------------
HTML report is unavailable in plain text report export.


---------------------------------------
; Slow 1200mV 85C Model Setup Summary ;
---------------------------------------
No paths to report.


--------------------------------------
; Slow 1200mV 85C Model Hold Summary ;
--------------------------------------
No paths to report.


------------------------------------------
; Slow 1200mV 85C Model Recovery Summary ;
------------------------------------------
No paths to report.


-----------------------------------------
; Slow 1200mV 85C Model Removal Summary ;
-----------------------------------------
No paths to report.


-----------------------------------------------------
; Slow 1200mV 85C Model Minimum Pulse Width Summary ;
-----------------------------------------------------
No paths to report.


+-------------------------------------------------------------------+
; Propagation Delay                                                 ;
+-----------------+-------------+--------+--------+--------+--------+
; Input Port      ; Output Port ; RR     ; RF     ; FR     ; FF     ;
+-----------------+-------------+--------+--------+--------+--------+
; address[0]      ; data_out[0] ; 7.851  ; 7.893  ; 8.214  ; 8.265  ;
; address[0]      ; data_out[1] ; 9.773  ; 9.868  ; 10.145 ; 10.240 ;
; address[0]      ; data_out[2] ; 9.082  ; 8.997  ; 9.393  ; 9.404  ;
; address[0]      ; data_out[3] ; 9.334  ; 9.393  ; 9.691  ; 9.722  ;
; address[0]      ; data_out[4] ; 10.430 ; 10.382 ; 10.738 ; 10.791 ;
; address[0]      ; data_out[5] ; 9.792  ; 9.819  ; 10.108 ; 10.211 ;
; address[0]      ; data_out[6] ; 7.740  ; 7.687  ; 8.117  ; 8.062  ;
; address[0]      ; data_out[7] ; 8.144  ; 8.099  ; 8.508  ; 8.506  ;
; address[1]      ; data_out[0] ; 8.610  ; 8.652  ; 8.912  ; 8.963  ;
; address[1]      ; data_out[1] ; 10.532 ; 10.627 ; 10.843 ; 10.938 ;
; address[1]      ; data_out[2] ; 9.841  ; 9.756  ; 10.091 ; 10.102 ;
; address[1]      ; data_out[3] ; 10.093 ; 10.152 ; 10.389 ; 10.420 ;
; address[1]      ; data_out[4] ; 11.189 ; 11.141 ; 11.436 ; 11.489 ;
; address[1]      ; data_out[5] ; 10.551 ; 10.578 ; 10.806 ; 10.909 ;
; address[1]      ; data_out[6] ; 8.499  ; 8.446  ; 8.815  ; 8.760  ;
; address[1]      ; data_out[7] ; 8.903  ; 8.858  ; 9.206  ; 9.204  ;
; address[2]      ; data_out[0] ; 8.662  ; 8.704  ; 8.972  ; 9.023  ;
; address[2]      ; data_out[1] ; 10.584 ; 10.679 ; 10.903 ; 10.998 ;
; address[2]      ; data_out[2] ; 9.893  ; 9.808  ; 10.151 ; 10.162 ;
; address[2]      ; data_out[3] ; 10.145 ; 10.204 ; 10.449 ; 10.480 ;
; address[2]      ; data_out[4] ; 11.241 ; 11.193 ; 11.496 ; 11.549 ;
; address[2]      ; data_out[5] ; 10.603 ; 10.630 ; 10.866 ; 10.969 ;
; address[2]      ; data_out[6] ; 8.551  ; 8.498  ; 8.875  ; 8.820  ;
; address[2]      ; data_out[7] ; 8.955  ; 8.910  ; 9.266  ; 9.264  ;
; address[3]      ; data_out[0] ; 8.379  ; 8.421  ; 8.688  ; 8.739  ;
; address[3]      ; data_out[1] ; 10.301 ; 10.396 ; 10.619 ; 10.714 ;
; address[3]      ; data_out[2] ; 9.610  ; 9.525  ; 9.867  ; 9.878  ;
; address[3]      ; data_out[3] ; 9.862  ; 9.921  ; 10.165 ; 10.196 ;
; address[3]      ; data_out[4] ; 10.958 ; 10.910 ; 11.212 ; 11.265 ;
; address[3]      ; data_out[5] ; 10.320 ; 10.347 ; 10.582 ; 10.685 ;
; address[3]      ; data_out[6] ; 8.268  ; 8.215  ; 8.591  ; 8.536  ;
; address[3]      ; data_out[7] ; 8.672  ; 8.627  ; 8.982  ; 8.980  ;
; address[4]      ; data_out[0] ; 8.370  ; 8.421  ; 8.865  ; 8.907  ;
; address[4]      ; data_out[1] ; 10.301 ; 10.396 ; 10.787 ; 10.882 ;
; address[4]      ; data_out[2] ; 9.549  ; 9.560  ; 10.096 ; 10.011 ;
; address[4]      ; data_out[3] ; 9.847  ; 9.878  ; 10.348 ; 10.407 ;
; address[4]      ; data_out[4] ; 10.894 ; 10.947 ; 11.444 ; 11.396 ;
; address[4]      ; data_out[5] ; 10.264 ; 10.367 ; 10.806 ; 10.833 ;
; address[4]      ; data_out[6] ; 8.273  ; 8.218  ; 8.754  ; 8.701  ;
; address[4]      ; data_out[7] ; 8.664  ; 8.662  ; 9.158  ; 9.113  ;
; address[5]      ; data_out[0] ; 8.426  ; 8.477  ; 8.944  ; 8.986  ;
; address[5]      ; data_out[1] ; 10.357 ; 10.452 ; 10.866 ; 10.961 ;
; address[5]      ; data_out[2] ; 9.605  ; 9.616  ; 10.175 ; 10.090 ;
; address[5]      ; data_out[3] ; 9.903  ; 9.934  ; 10.427 ; 10.486 ;
; address[5]      ; data_out[4] ; 10.950 ; 11.003 ; 11.523 ; 11.475 ;
; address[5]      ; data_out[5] ; 10.320 ; 10.423 ; 10.885 ; 10.912 ;
; address[5]      ; data_out[6] ; 8.329  ; 8.274  ; 8.833  ; 8.780  ;
; address[5]      ; data_out[7] ; 8.720  ; 8.718  ; 9.237  ; 9.192  ;
; address[6]      ; data_out[0] ; 8.328  ; 8.379  ; 8.826  ; 8.868  ;
; address[6]      ; data_out[1] ; 10.259 ; 10.354 ; 10.748 ; 10.843 ;
; address[6]      ; data_out[2] ; 9.507  ; 9.518  ; 10.057 ; 9.972  ;
; address[6]      ; data_out[3] ; 9.805  ; 9.836  ; 10.309 ; 10.368 ;
; address[6]      ; data_out[4] ; 10.852 ; 10.905 ; 11.405 ; 11.357 ;
; address[6]      ; data_out[5] ; 10.222 ; 10.325 ; 10.767 ; 10.794 ;
; address[6]      ; data_out[6] ; 8.231  ; 8.176  ; 8.715  ; 8.662  ;
; address[6]      ; data_out[7] ; 8.622  ; 8.620  ; 9.119  ; 9.074  ;
; address[7]      ; data_out[0] ; 8.284  ; 8.353  ; 8.773  ; 8.764  ;
; address[7]      ; data_out[1] ; 10.226 ; 10.321 ; 10.669 ; 10.717 ;
; address[7]      ; data_out[2] ; 9.359  ; 9.274  ; 9.675  ; 9.686  ;
; address[7]      ; data_out[3] ; 9.611  ; 9.670  ; 9.973  ; 10.004 ;
; address[7]      ; data_out[4] ; 10.707 ; 10.659 ; 11.020 ; 11.073 ;
; address[7]      ; data_out[5] ; 10.069 ; 10.096 ; 10.390 ; 10.493 ;
; address[7]      ; data_out[6] ; 8.200  ; 8.145  ; 8.628  ; 8.607  ;
; address[7]      ; data_out[7] ; 8.421  ; 8.376  ; 8.790  ; 8.788  ;
; port_in_00[0]   ; data_out[0] ; 5.331  ;        ;        ; 5.509  ;
; port_in_00[1]   ; data_out[1] ; 8.261  ;        ;        ; 8.820  ;
; port_in_00[2]   ; data_out[2] ; 7.284  ;        ;        ; 7.731  ;
; port_in_00[3]   ; data_out[3] ; 7.130  ;        ;        ; 7.605  ;
; port_in_00[4]   ; data_out[4] ; 8.221  ;        ;        ; 8.686  ;
; port_in_00[5]   ; data_out[5] ; 7.806  ;        ;        ; 8.330  ;
; port_in_00[6]   ; data_out[6] ; 6.723  ;        ;        ; 7.105  ;
; port_in_00[7]   ; data_out[7] ; 6.692  ;        ;        ; 7.088  ;
; port_in_01[0]   ; data_out[0] ; 5.158  ;        ;        ; 5.269  ;
; port_in_01[1]   ; data_out[1] ; 7.895  ;        ;        ; 8.341  ;
; port_in_01[2]   ; data_out[2] ; 7.076  ;        ;        ; 7.469  ;
; port_in_01[3]   ; data_out[3] ; 7.108  ;        ;        ; 7.542  ;
; port_in_01[4]   ; data_out[4] ; 8.328  ;        ;        ; 8.789  ;
; port_in_01[5]   ; data_out[5] ; 7.651  ;        ;        ; 8.155  ;
; port_in_01[6]   ; data_out[6] ; 6.825  ;        ;        ; 7.208  ;
; port_in_01[7]   ; data_out[7] ; 6.579  ;        ;        ; 6.949  ;
; ram_data_out[0] ; data_out[0] ; 7.749  ; 7.697  ; 8.167  ; 8.236  ;
; ram_data_out[1] ; data_out[1] ; 9.441  ; 9.415  ; 9.905  ; 10.000 ;
; ram_data_out[2] ; data_out[2] ; 8.637  ; 8.552  ; 9.005  ; 9.036  ;
; ram_data_out[3] ; data_out[3] ; 8.985  ; 8.927  ; 9.333  ; 9.396  ;
; ram_data_out[4] ; data_out[4] ; 9.969  ; 9.919  ; 10.314 ; 10.385 ;
; ram_data_out[5] ; data_out[5] ; 9.240  ; 9.267  ; 9.619  ; 9.722  ;
; ram_data_out[6] ; data_out[6] ; 7.556  ; 7.535  ; 8.002  ; 7.947  ;
; ram_data_out[7] ; data_out[7] ; 7.366  ; 7.321  ; 7.799  ; 7.797  ;
; rom_data_out[0] ; data_out[0] ; 7.472  ; 7.420  ; 7.917  ; 7.986  ;
; rom_data_out[1] ; data_out[1] ; 9.248  ; 9.222  ; 9.678  ; 9.773  ;
; rom_data_out[2] ; data_out[2] ; 8.729  ; 8.644  ; 9.092  ; 9.123  ;
; rom_data_out[3] ; data_out[3] ; 8.899  ; 8.841  ; 9.305  ; 9.368  ;
; rom_data_out[4] ; data_out[4] ; 9.824  ; 9.774  ; 10.168 ; 10.239 ;
; rom_data_out[5] ; data_out[5] ; 9.214  ; 9.241  ; 9.581  ; 9.684  ;
; rom_data_out[6] ; data_out[6] ; 7.967  ; 7.946  ; 8.505  ; 8.450  ;
; rom_data_out[7] ; data_out[7] ; 7.885  ; 7.840  ; 8.347  ; 8.345  ;
+-----------------+-------------+--------+--------+--------+--------+


+-----------------------------------------------------------------+
; Minimum Propagation Delay                                       ;
+-----------------+-------------+-------+-------+--------+--------+
; Input Port      ; Output Port ; RR    ; RF    ; FR     ; FF     ;
+-----------------+-------------+-------+-------+--------+--------+
; address[0]      ; data_out[0] ; 7.588 ; 7.602 ; 7.943  ; 7.957  ;
; address[0]      ; data_out[1] ; 9.413 ; 9.451 ; 9.768  ; 9.806  ;
; address[0]      ; data_out[2] ; 8.673 ; 8.644 ; 9.021  ; 8.998  ;
; address[0]      ; data_out[3] ; 8.978 ; 8.978 ; 9.302  ; 9.309  ;
; address[0]      ; data_out[4] ; 9.975 ; 9.984 ; 10.316 ; 10.332 ;
; address[0]      ; data_out[5] ; 9.390 ; 9.405 ; 9.717  ; 9.791  ;
; address[0]      ; data_out[6] ; 7.447 ; 7.417 ; 7.806  ; 7.785  ;
; address[0]      ; data_out[7] ; 7.855 ; 7.786 ; 8.135  ; 8.141  ;
; address[1]      ; data_out[0] ; 7.657 ; 7.679 ; 8.014  ; 8.004  ;
; address[1]      ; data_out[1] ; 9.379 ; 9.386 ; 9.748  ; 9.764  ;
; address[1]      ; data_out[2] ; 8.366 ; 8.309 ; 8.733  ; 8.685  ;
; address[1]      ; data_out[3] ; 8.709 ; 8.685 ; 9.077  ; 9.062  ;
; address[1]      ; data_out[4] ; 9.707 ; 9.692 ; 10.077 ; 10.071 ;
; address[1]      ; data_out[5] ; 9.114 ; 9.153 ; 9.484  ; 9.532  ;
; address[1]      ; data_out[6] ; 7.688 ; 7.576 ; 7.966  ; 7.990  ;
; address[1]      ; data_out[7] ; 7.790 ; 7.732 ; 8.099  ; 8.100  ;
; address[2]      ; data_out[0] ; 7.708 ; 7.730 ; 8.072  ; 8.062  ;
; address[2]      ; data_out[1] ; 9.430 ; 9.437 ; 9.806  ; 9.822  ;
; address[2]      ; data_out[2] ; 8.417 ; 8.360 ; 8.791  ; 8.743  ;
; address[2]      ; data_out[3] ; 8.760 ; 8.736 ; 9.135  ; 9.120  ;
; address[2]      ; data_out[4] ; 9.758 ; 9.743 ; 10.135 ; 10.129 ;
; address[2]      ; data_out[5] ; 9.165 ; 9.204 ; 9.542  ; 9.590  ;
; address[2]      ; data_out[6] ; 7.739 ; 7.627 ; 8.024  ; 8.048  ;
; address[2]      ; data_out[7] ; 7.841 ; 7.783 ; 8.157  ; 8.158  ;
; address[3]      ; data_out[0] ; 7.263 ; 7.285 ; 7.614  ; 7.604  ;
; address[3]      ; data_out[1] ; 8.985 ; 8.992 ; 9.348  ; 9.364  ;
; address[3]      ; data_out[2] ; 7.972 ; 7.915 ; 8.333  ; 8.285  ;
; address[3]      ; data_out[3] ; 8.315 ; 8.291 ; 8.677  ; 8.662  ;
; address[3]      ; data_out[4] ; 9.313 ; 9.298 ; 9.677  ; 9.671  ;
; address[3]      ; data_out[5] ; 8.720 ; 8.759 ; 9.084  ; 9.132  ;
; address[3]      ; data_out[6] ; 7.294 ; 7.182 ; 7.566  ; 7.590  ;
; address[3]      ; data_out[7] ; 7.396 ; 7.338 ; 7.699  ; 7.700  ;
; address[4]      ; data_out[0] ; 7.492 ; 7.482 ; 7.965  ; 7.987  ;
; address[4]      ; data_out[1] ; 9.226 ; 9.242 ; 9.687  ; 9.694  ;
; address[4]      ; data_out[2] ; 8.211 ; 8.163 ; 8.674  ; 8.617  ;
; address[4]      ; data_out[3] ; 8.555 ; 8.540 ; 9.017  ; 8.993  ;
; address[4]      ; data_out[4] ; 9.555 ; 9.549 ; 10.015 ; 10.000 ;
; address[4]      ; data_out[5] ; 8.962 ; 9.010 ; 9.422  ; 9.461  ;
; address[4]      ; data_out[6] ; 7.444 ; 7.468 ; 7.996  ; 7.884  ;
; address[4]      ; data_out[7] ; 7.577 ; 7.578 ; 8.098  ; 8.040  ;
; address[5]      ; data_out[0] ; 7.541 ; 7.531 ; 7.983  ; 8.005  ;
; address[5]      ; data_out[1] ; 9.275 ; 9.291 ; 9.705  ; 9.712  ;
; address[5]      ; data_out[2] ; 8.260 ; 8.212 ; 8.692  ; 8.635  ;
; address[5]      ; data_out[3] ; 8.604 ; 8.589 ; 9.035  ; 9.011  ;
; address[5]      ; data_out[4] ; 9.604 ; 9.598 ; 10.033 ; 10.018 ;
; address[5]      ; data_out[5] ; 9.011 ; 9.059 ; 9.440  ; 9.479  ;
; address[5]      ; data_out[6] ; 7.493 ; 7.517 ; 8.014  ; 7.902  ;
; address[5]      ; data_out[7] ; 7.622 ; 7.612 ; 8.077  ; 8.058  ;
; address[6]      ; data_out[0] ; 7.448 ; 7.438 ; 7.869  ; 7.891  ;
; address[6]      ; data_out[1] ; 9.182 ; 9.198 ; 9.591  ; 9.598  ;
; address[6]      ; data_out[2] ; 8.167 ; 8.119 ; 8.578  ; 8.521  ;
; address[6]      ; data_out[3] ; 8.511 ; 8.496 ; 8.921  ; 8.897  ;
; address[6]      ; data_out[4] ; 9.511 ; 9.505 ; 9.919  ; 9.904  ;
; address[6]      ; data_out[5] ; 8.918 ; 8.966 ; 9.326  ; 9.365  ;
; address[6]      ; data_out[6] ; 7.400 ; 7.424 ; 7.900  ; 7.788  ;
; address[6]      ; data_out[7] ; 7.528 ; 7.518 ; 7.963  ; 7.944  ;
; address[7]      ; data_out[0] ; 7.346 ; 7.336 ; 7.794  ; 7.816  ;
; address[7]      ; data_out[1] ; 9.080 ; 9.096 ; 9.516  ; 9.523  ;
; address[7]      ; data_out[2] ; 8.065 ; 8.017 ; 8.503  ; 8.446  ;
; address[7]      ; data_out[3] ; 8.409 ; 8.394 ; 8.846  ; 8.822  ;
; address[7]      ; data_out[4] ; 9.409 ; 9.403 ; 9.844  ; 9.829  ;
; address[7]      ; data_out[5] ; 8.816 ; 8.864 ; 9.251  ; 9.290  ;
; address[7]      ; data_out[6] ; 7.298 ; 7.322 ; 7.825  ; 7.713  ;
; address[7]      ; data_out[7] ; 7.431 ; 7.432 ; 7.927  ; 7.869  ;
; port_in_00[0]   ; data_out[0] ; 5.203 ;       ;        ; 5.379  ;
; port_in_00[1]   ; data_out[1] ; 8.032 ;       ;        ; 8.569  ;
; port_in_00[2]   ; data_out[2] ; 7.098 ;       ;        ; 7.529  ;
; port_in_00[3]   ; data_out[3] ; 6.944 ;       ;        ; 7.400  ;
; port_in_00[4]   ; data_out[4] ; 7.999 ;       ;        ; 8.447  ;
; port_in_00[5]   ; data_out[5] ; 7.602 ;       ;        ; 8.112  ;
; port_in_00[6]   ; data_out[6] ; 6.558 ;       ;        ; 6.931  ;
; port_in_00[7]   ; data_out[7] ; 6.538 ;       ;        ; 6.923  ;
; port_in_01[0]   ; data_out[0] ; 5.074 ;       ;        ; 5.185  ;
; port_in_01[1]   ; data_out[1] ; 7.681 ;       ;        ; 8.116  ;
; port_in_01[2]   ; data_out[2] ; 6.893 ;       ;        ; 7.276  ;
; port_in_01[3]   ; data_out[3] ; 6.924 ;       ;        ; 7.346  ;
; port_in_01[4]   ; data_out[4] ; 8.102 ;       ;        ; 8.551  ;
; port_in_01[5]   ; data_out[5] ; 7.450 ;       ;        ; 7.940  ;
; port_in_01[6]   ; data_out[6] ; 6.657 ;       ;        ; 7.029  ;
; port_in_01[7]   ; data_out[7] ; 6.430 ;       ;        ; 6.789  ;
; ram_data_out[0] ; data_out[0] ; 7.472 ; 7.486 ; 7.930  ; 7.917  ;
; ram_data_out[1] ; data_out[1] ; 9.103 ; 9.141 ; 9.620  ; 9.651  ;
; ram_data_out[2] ; data_out[2] ; 8.324 ; 8.301 ; 8.728  ; 8.699  ;
; ram_data_out[3] ; data_out[3] ; 8.668 ; 8.675 ; 9.072  ; 9.072  ;
; ram_data_out[4] ; data_out[4] ; 9.607 ; 9.623 ; 9.990  ; 9.999  ;
; ram_data_out[5] ; data_out[5] ; 8.922 ; 8.996 ; 9.323  ; 9.338  ;
; ram_data_out[6] ; data_out[6] ; 7.289 ; 7.328 ; 7.767  ; 7.646  ;
; ram_data_out[7] ; data_out[7] ; 7.123 ; 7.129 ; 7.578  ; 7.509  ;
; rom_data_out[0] ; data_out[0] ; 7.219 ; 7.233 ; 7.720  ; 7.707  ;
; rom_data_out[1] ; data_out[1] ; 8.922 ; 8.960 ; 9.399  ; 9.430  ;
; rom_data_out[2] ; data_out[2] ; 8.425 ; 8.402 ; 8.840  ; 8.811  ;
; rom_data_out[3] ; data_out[3] ; 8.575 ; 8.582 ; 9.027  ; 9.027  ;
; rom_data_out[4] ; data_out[4] ; 9.481 ; 9.497 ; 9.880  ; 9.889  ;
; rom_data_out[5] ; data_out[5] ; 8.910 ; 8.984 ; 9.316  ; 9.331  ;
; rom_data_out[6] ; data_out[6] ; 7.696 ; 7.735 ; 8.279  ; 8.158  ;
; rom_data_out[7] ; data_out[7] ; 7.633 ; 7.639 ; 8.132  ; 8.063  ;
+-----------------+-------------+-------+-------+--------+--------+


----------------------------------------------
; Slow 1200mV 85C Model Metastability Report ;
----------------------------------------------
No synchronizer chains to report.


-------------------------------------
; Slow 1200mV 0C Model Fmax Summary ;
-------------------------------------
No paths to report.


--------------------------------------
; Slow 1200mV 0C Model Setup Summary ;
--------------------------------------
No paths to report.


-------------------------------------
; Slow 1200mV 0C Model Hold Summary ;
-------------------------------------
No paths to report.


-----------------------------------------
; Slow 1200mV 0C Model Recovery Summary ;
-----------------------------------------
No paths to report.


----------------------------------------
; Slow 1200mV 0C Model Removal Summary ;
----------------------------------------
No paths to report.


----------------------------------------------------
; Slow 1200mV 0C Model Minimum Pulse Width Summary ;
----------------------------------------------------
No paths to report.


+-------------------------------------------------------------------+
; Propagation Delay                                                 ;
+-----------------+-------------+--------+--------+--------+--------+
; Input Port      ; Output Port ; RR     ; RF     ; FR     ; FF     ;
+-----------------+-------------+--------+--------+--------+--------+
; address[0]      ; data_out[0] ; 7.281  ; 7.278  ; 7.575  ; 7.580  ;
; address[0]      ; data_out[1] ; 9.033  ; 8.987  ; 9.328  ; 9.290  ;
; address[0]      ; data_out[2] ; 8.406  ; 8.311  ; 8.661  ; 8.597  ;
; address[0]      ; data_out[3] ; 8.646  ; 8.587  ; 8.934  ; 8.857  ;
; address[0]      ; data_out[4] ; 9.683  ; 9.569  ; 9.935  ; 9.834  ;
; address[0]      ; data_out[5] ; 9.101  ; 9.066  ; 9.351  ; 9.329  ;
; address[0]      ; data_out[6] ; 7.156  ; 7.095  ; 7.463  ; 7.394  ;
; address[0]      ; data_out[7] ; 7.536  ; 7.459  ; 7.824  ; 7.793  ;
; address[1]      ; data_out[0] ; 7.966  ; 7.963  ; 8.200  ; 8.205  ;
; address[1]      ; data_out[1] ; 9.718  ; 9.672  ; 9.953  ; 9.915  ;
; address[1]      ; data_out[2] ; 9.091  ; 8.996  ; 9.286  ; 9.222  ;
; address[1]      ; data_out[3] ; 9.331  ; 9.272  ; 9.559  ; 9.482  ;
; address[1]      ; data_out[4] ; 10.368 ; 10.254 ; 10.560 ; 10.459 ;
; address[1]      ; data_out[5] ; 9.786  ; 9.751  ; 9.976  ; 9.954  ;
; address[1]      ; data_out[6] ; 7.841  ; 7.780  ; 8.088  ; 8.019  ;
; address[1]      ; data_out[7] ; 8.221  ; 8.144  ; 8.449  ; 8.418  ;
; address[2]      ; data_out[0] ; 8.010  ; 8.007  ; 8.257  ; 8.262  ;
; address[2]      ; data_out[1] ; 9.762  ; 9.716  ; 10.010 ; 9.972  ;
; address[2]      ; data_out[2] ; 9.135  ; 9.040  ; 9.343  ; 9.279  ;
; address[2]      ; data_out[3] ; 9.375  ; 9.316  ; 9.616  ; 9.539  ;
; address[2]      ; data_out[4] ; 10.412 ; 10.298 ; 10.617 ; 10.516 ;
; address[2]      ; data_out[5] ; 9.830  ; 9.795  ; 10.033 ; 10.011 ;
; address[2]      ; data_out[6] ; 7.885  ; 7.824  ; 8.145  ; 8.076  ;
; address[2]      ; data_out[7] ; 8.265  ; 8.188  ; 8.506  ; 8.475  ;
; address[3]      ; data_out[0] ; 7.754  ; 7.751  ; 8.013  ; 8.018  ;
; address[3]      ; data_out[1] ; 9.506  ; 9.460  ; 9.766  ; 9.728  ;
; address[3]      ; data_out[2] ; 8.879  ; 8.784  ; 9.099  ; 9.035  ;
; address[3]      ; data_out[3] ; 9.119  ; 9.060  ; 9.372  ; 9.295  ;
; address[3]      ; data_out[4] ; 10.156 ; 10.042 ; 10.373 ; 10.272 ;
; address[3]      ; data_out[5] ; 9.574  ; 9.539  ; 9.789  ; 9.767  ;
; address[3]      ; data_out[6] ; 7.629  ; 7.568  ; 7.901  ; 7.832  ;
; address[3]      ; data_out[7] ; 8.009  ; 7.932  ; 8.262  ; 8.231  ;
; address[4]      ; data_out[0] ; 7.754  ; 7.759  ; 8.149  ; 8.146  ;
; address[4]      ; data_out[1] ; 9.507  ; 9.469  ; 9.901  ; 9.855  ;
; address[4]      ; data_out[2] ; 8.840  ; 8.776  ; 9.274  ; 9.179  ;
; address[4]      ; data_out[3] ; 9.113  ; 9.036  ; 9.514  ; 9.455  ;
; address[4]      ; data_out[4] ; 10.114 ; 10.013 ; 10.551 ; 10.437 ;
; address[4]      ; data_out[5] ; 9.530  ; 9.508  ; 9.969  ; 9.934  ;
; address[4]      ; data_out[6] ; 7.642  ; 7.573  ; 8.024  ; 7.963  ;
; address[4]      ; data_out[7] ; 8.003  ; 7.972  ; 8.404  ; 8.327  ;
; address[5]      ; data_out[0] ; 7.804  ; 7.809  ; 8.226  ; 8.223  ;
; address[5]      ; data_out[1] ; 9.557  ; 9.519  ; 9.978  ; 9.932  ;
; address[5]      ; data_out[2] ; 8.890  ; 8.826  ; 9.351  ; 9.256  ;
; address[5]      ; data_out[3] ; 9.163  ; 9.086  ; 9.591  ; 9.532  ;
; address[5]      ; data_out[4] ; 10.164 ; 10.063 ; 10.628 ; 10.514 ;
; address[5]      ; data_out[5] ; 9.580  ; 9.558  ; 10.046 ; 10.011 ;
; address[5]      ; data_out[6] ; 7.692  ; 7.623  ; 8.101  ; 8.040  ;
; address[5]      ; data_out[7] ; 8.053  ; 8.022  ; 8.481  ; 8.404  ;
; address[6]      ; data_out[0] ; 7.721  ; 7.726  ; 8.109  ; 8.106  ;
; address[6]      ; data_out[1] ; 9.474  ; 9.436  ; 9.861  ; 9.815  ;
; address[6]      ; data_out[2] ; 8.807  ; 8.743  ; 9.234  ; 9.139  ;
; address[6]      ; data_out[3] ; 9.080  ; 9.003  ; 9.474  ; 9.415  ;
; address[6]      ; data_out[4] ; 10.081 ; 9.980  ; 10.511 ; 10.397 ;
; address[6]      ; data_out[5] ; 9.497  ; 9.475  ; 9.929  ; 9.894  ;
; address[6]      ; data_out[6] ; 7.609  ; 7.540  ; 7.984  ; 7.923  ;
; address[6]      ; data_out[7] ; 7.970  ; 7.939  ; 8.364  ; 8.287  ;
; address[7]      ; data_out[0] ; 7.660  ; 7.691  ; 8.060  ; 8.013  ;
; address[7]      ; data_out[1] ; 9.404  ; 9.396  ; 9.805  ; 9.705  ;
; address[7]      ; data_out[2] ; 8.649  ; 8.554  ; 8.903  ; 8.839  ;
; address[7]      ; data_out[3] ; 8.889  ; 8.830  ; 9.176  ; 9.099  ;
; address[7]      ; data_out[4] ; 9.926  ; 9.812  ; 10.177 ; 10.076 ;
; address[7]      ; data_out[5] ; 9.344  ; 9.309  ; 9.593  ; 9.571  ;
; address[7]      ; data_out[6] ; 7.569  ; 7.496  ; 7.914  ; 7.872  ;
; address[7]      ; data_out[7] ; 7.779  ; 7.702  ; 8.066  ; 8.035  ;
; port_in_00[0]   ; data_out[0] ; 5.119  ;        ;        ; 5.292  ;
; port_in_00[1]   ; data_out[1] ; 7.652  ;        ;        ; 8.014  ;
; port_in_00[2]   ; data_out[2] ; 6.750  ;        ;        ; 7.083  ;
; port_in_00[3]   ; data_out[3] ; 6.622  ;        ;        ; 6.969  ;
; port_in_00[4]   ; data_out[4] ; 7.642  ;        ;        ; 7.971  ;
; port_in_00[5]   ; data_out[5] ; 7.269  ;        ;        ; 7.642  ;
; port_in_00[6]   ; data_out[6] ; 6.254  ;        ;        ; 6.552  ;
; port_in_00[7]   ; data_out[7] ; 6.237  ;        ;        ; 6.533  ;
; port_in_01[0]   ; data_out[0] ; 4.955  ;        ;        ; 5.080  ;
; port_in_01[1]   ; data_out[1] ; 7.313  ;        ;        ; 7.615  ;
; port_in_01[2]   ; data_out[2] ; 6.564  ;        ;        ; 6.857  ;
; port_in_01[3]   ; data_out[3] ; 6.605  ;        ;        ; 6.939  ;
; port_in_01[4]   ; data_out[4] ; 7.750  ;        ;        ; 8.063  ;
; port_in_01[5]   ; data_out[5] ; 7.121  ;        ;        ; 7.474  ;
; port_in_01[6]   ; data_out[6] ; 6.349  ;        ;        ; 6.621  ;
; port_in_01[7]   ; data_out[7] ; 6.133  ;        ;        ; 6.402  ;
; ram_data_out[0] ; data_out[0] ; 7.184  ; 7.110  ; 7.534  ; 7.565  ;
; ram_data_out[1] ; data_out[1] ; 8.745  ; 8.632  ; 9.079  ; 9.071  ;
; ram_data_out[2] ; data_out[2] ; 8.019  ; 7.924  ; 8.249  ; 8.255  ;
; ram_data_out[3] ; data_out[3] ; 8.346  ; 8.265  ; 8.552  ; 8.576  ;
; ram_data_out[4] ; data_out[4] ; 9.282  ; 9.168  ; 9.487  ; 9.478  ;
; ram_data_out[5] ; data_out[5] ; 8.612  ; 8.577  ; 8.852  ; 8.891  ;
; ram_data_out[6] ; data_out[6] ; 7.013  ; 6.971  ; 7.356  ; 7.283  ;
; ram_data_out[7] ; data_out[7] ; 6.840  ; 6.763  ; 7.183  ; 7.152  ;
; rom_data_out[0] ; data_out[0] ; 6.944  ; 6.870  ; 7.296  ; 7.327  ;
; rom_data_out[1] ; data_out[1] ; 8.577  ; 8.464  ; 8.874  ; 8.866  ;
; rom_data_out[2] ; data_out[2] ; 8.114  ; 8.019  ; 8.342  ; 8.348  ;
; rom_data_out[3] ; data_out[3] ; 8.266  ; 8.185  ; 8.524  ; 8.548  ;
; rom_data_out[4] ; data_out[4] ; 9.159  ; 9.045  ; 9.367  ; 9.358  ;
; rom_data_out[5] ; data_out[5] ; 8.594  ; 8.559  ; 8.836  ; 8.875  ;
; rom_data_out[6] ; data_out[6] ; 7.392  ; 7.350  ; 7.838  ; 7.765  ;
; rom_data_out[7] ; data_out[7] ; 7.321  ; 7.244  ; 7.680  ; 7.649  ;
+-----------------+-------------+--------+--------+--------+--------+


+---------------------------------------------------------------+
; Minimum Propagation Delay                                     ;
+-----------------+-------------+-------+-------+-------+-------+
; Input Port      ; Output Port ; RR    ; RF    ; FR    ; FF    ;
+-----------------+-------------+-------+-------+-------+-------+
; address[0]      ; data_out[0] ; 7.048 ; 7.035 ; 7.335 ; 7.323 ;
; address[0]      ; data_out[1] ; 8.723 ; 8.671 ; 9.011 ; 8.959 ;
; address[0]      ; data_out[2] ; 7.999 ; 7.951 ; 8.327 ; 8.290 ;
; address[0]      ; data_out[3] ; 8.256 ; 8.224 ; 8.588 ; 8.562 ;
; address[0]      ; data_out[4] ; 9.210 ; 9.148 ; 9.554 ; 9.503 ;
; address[0]      ; data_out[5] ; 8.680 ; 8.642 ; 9.008 ; 9.000 ;
; address[0]      ; data_out[6] ; 6.908 ; 6.852 ; 7.199 ; 7.149 ;
; address[0]      ; data_out[7] ; 7.274 ; 7.183 ; 7.508 ; 7.477 ;
; address[1]      ; data_out[0] ; 7.124 ; 7.114 ; 7.405 ; 7.366 ;
; address[1]      ; data_out[1] ; 8.676 ; 8.593 ; 9.019 ; 8.942 ;
; address[1]      ; data_out[2] ; 7.743 ; 7.673 ; 8.085 ; 8.021 ;
; address[1]      ; data_out[3] ; 8.066 ; 8.014 ; 8.408 ; 8.362 ;
; address[1]      ; data_out[4] ; 9.010 ; 8.928 ; 9.354 ; 9.278 ;
; address[1]      ; data_out[5] ; 8.455 ; 8.439 ; 8.799 ; 8.789 ;
; address[1]      ; data_out[6] ; 7.129 ; 7.003 ; 7.347 ; 7.343 ;
; address[1]      ; data_out[7] ; 7.233 ; 7.149 ; 7.480 ; 7.445 ;
; address[2]      ; data_out[0] ; 7.166 ; 7.156 ; 7.459 ; 7.420 ;
; address[2]      ; data_out[1] ; 8.718 ; 8.635 ; 9.073 ; 8.996 ;
; address[2]      ; data_out[2] ; 7.785 ; 7.715 ; 8.139 ; 8.075 ;
; address[2]      ; data_out[3] ; 8.108 ; 8.056 ; 8.462 ; 8.416 ;
; address[2]      ; data_out[4] ; 9.052 ; 8.970 ; 9.408 ; 9.332 ;
; address[2]      ; data_out[5] ; 8.497 ; 8.481 ; 8.853 ; 8.843 ;
; address[2]      ; data_out[6] ; 7.171 ; 7.045 ; 7.401 ; 7.397 ;
; address[2]      ; data_out[7] ; 7.275 ; 7.191 ; 7.534 ; 7.499 ;
; address[3]      ; data_out[0] ; 6.757 ; 6.747 ; 7.052 ; 7.013 ;
; address[3]      ; data_out[1] ; 8.309 ; 8.226 ; 8.666 ; 8.589 ;
; address[3]      ; data_out[2] ; 7.376 ; 7.306 ; 7.732 ; 7.668 ;
; address[3]      ; data_out[3] ; 7.699 ; 7.647 ; 8.055 ; 8.009 ;
; address[3]      ; data_out[4] ; 8.643 ; 8.561 ; 9.001 ; 8.925 ;
; address[3]      ; data_out[5] ; 8.088 ; 8.072 ; 8.446 ; 8.436 ;
; address[3]      ; data_out[6] ; 6.762 ; 6.636 ; 6.994 ; 6.990 ;
; address[3]      ; data_out[7] ; 6.866 ; 6.782 ; 7.127 ; 7.092 ;
; address[4]      ; data_out[0] ; 6.969 ; 6.930 ; 7.344 ; 7.334 ;
; address[4]      ; data_out[1] ; 8.583 ; 8.506 ; 8.896 ; 8.813 ;
; address[4]      ; data_out[2] ; 7.649 ; 7.585 ; 7.963 ; 7.893 ;
; address[4]      ; data_out[3] ; 7.972 ; 7.926 ; 8.286 ; 8.234 ;
; address[4]      ; data_out[4] ; 8.918 ; 8.842 ; 9.230 ; 9.148 ;
; address[4]      ; data_out[5] ; 8.363 ; 8.353 ; 8.675 ; 8.659 ;
; address[4]      ; data_out[6] ; 6.911 ; 6.907 ; 7.349 ; 7.223 ;
; address[4]      ; data_out[7] ; 7.044 ; 7.009 ; 7.453 ; 7.369 ;
; address[5]      ; data_out[0] ; 7.017 ; 6.978 ; 7.377 ; 7.367 ;
; address[5]      ; data_out[1] ; 8.631 ; 8.554 ; 8.929 ; 8.846 ;
; address[5]      ; data_out[2] ; 7.697 ; 7.633 ; 7.996 ; 7.926 ;
; address[5]      ; data_out[3] ; 8.020 ; 7.974 ; 8.319 ; 8.267 ;
; address[5]      ; data_out[4] ; 8.966 ; 8.890 ; 9.263 ; 9.181 ;
; address[5]      ; data_out[5] ; 8.411 ; 8.401 ; 8.708 ; 8.692 ;
; address[5]      ; data_out[6] ; 6.959 ; 6.955 ; 7.382 ; 7.256 ;
; address[5]      ; data_out[7] ; 7.090 ; 7.039 ; 7.458 ; 7.401 ;
; address[6]      ; data_out[0] ; 6.938 ; 6.899 ; 7.266 ; 7.256 ;
; address[6]      ; data_out[1] ; 8.552 ; 8.475 ; 8.818 ; 8.735 ;
; address[6]      ; data_out[2] ; 7.618 ; 7.554 ; 7.885 ; 7.815 ;
; address[6]      ; data_out[3] ; 7.941 ; 7.895 ; 8.208 ; 8.156 ;
; address[6]      ; data_out[4] ; 8.887 ; 8.811 ; 9.152 ; 9.070 ;
; address[6]      ; data_out[5] ; 8.332 ; 8.322 ; 8.597 ; 8.581 ;
; address[6]      ; data_out[6] ; 6.880 ; 6.876 ; 7.271 ; 7.145 ;
; address[6]      ; data_out[7] ; 7.010 ; 6.959 ; 7.346 ; 7.289 ;
; address[7]      ; data_out[0] ; 6.829 ; 6.790 ; 7.196 ; 7.186 ;
; address[7]      ; data_out[1] ; 8.443 ; 8.366 ; 8.748 ; 8.665 ;
; address[7]      ; data_out[2] ; 7.509 ; 7.445 ; 7.815 ; 7.745 ;
; address[7]      ; data_out[3] ; 7.832 ; 7.786 ; 8.138 ; 8.086 ;
; address[7]      ; data_out[4] ; 8.778 ; 8.702 ; 9.082 ; 9.000 ;
; address[7]      ; data_out[5] ; 8.223 ; 8.213 ; 8.527 ; 8.511 ;
; address[7]      ; data_out[6] ; 6.771 ; 6.767 ; 7.201 ; 7.075 ;
; address[7]      ; data_out[7] ; 6.904 ; 6.869 ; 7.305 ; 7.221 ;
; port_in_00[0]   ; data_out[0] ; 5.005 ;       ;       ; 5.177 ;
; port_in_00[1]   ; data_out[1] ; 7.451 ;       ;       ; 7.801 ;
; port_in_00[2]   ; data_out[2] ; 6.589 ;       ;       ; 6.911 ;
; port_in_00[3]   ; data_out[3] ; 6.461 ;       ;       ; 6.796 ;
; port_in_00[4]   ; data_out[4] ; 7.448 ;       ;       ; 7.768 ;
; port_in_00[5]   ; data_out[5] ; 7.091 ;       ;       ; 7.455 ;
; port_in_00[6]   ; data_out[6] ; 6.113 ;       ;       ; 6.403 ;
; port_in_00[7]   ; data_out[7] ; 6.104 ;       ;       ; 6.392 ;
; port_in_01[0]   ; data_out[0] ; 4.878 ;       ;       ; 5.006 ;
; port_in_01[1]   ; data_out[1] ; 7.128 ;       ;       ; 7.421 ;
; port_in_01[2]   ; data_out[2] ; 6.406 ;       ;       ; 6.692 ;
; port_in_01[3]   ; data_out[3] ; 6.446 ;       ;       ; 6.771 ;
; port_in_01[4]   ; data_out[4] ; 7.552 ;       ;       ; 7.857 ;
; port_in_01[5]   ; data_out[5] ; 6.947 ;       ;       ; 7.290 ;
; port_in_01[6]   ; data_out[6] ; 6.204 ;       ;       ; 6.468 ;
; port_in_01[7]   ; data_out[7] ; 6.006 ;       ;       ; 6.268 ;
; ram_data_out[0] ; data_out[0] ; 6.940 ; 6.928 ; 7.327 ; 7.286 ;
; ram_data_out[1] ; data_out[1] ; 8.442 ; 8.390 ; 8.830 ; 8.767 ;
; ram_data_out[2] ; data_out[2] ; 7.740 ; 7.703 ; 8.009 ; 7.961 ;
; ram_data_out[3] ; data_out[3] ; 8.062 ; 8.041 ; 8.325 ; 8.293 ;
; ram_data_out[4] ; data_out[4] ; 8.957 ; 8.906 ; 9.203 ; 9.141 ;
; ram_data_out[5] ; data_out[5] ; 8.329 ; 8.339 ; 8.592 ; 8.554 ;
; ram_data_out[6] ; data_out[6] ; 6.778 ; 6.791 ; 7.154 ; 7.022 ;
; ram_data_out[7] ; data_out[7] ; 6.628 ; 6.597 ; 6.993 ; 6.902 ;
; rom_data_out[0] ; data_out[0] ; 6.721 ; 6.709 ; 7.125 ; 7.084 ;
; rom_data_out[1] ; data_out[1] ; 8.285 ; 8.233 ; 8.631 ; 8.568 ;
; rom_data_out[2] ; data_out[2] ; 7.842 ; 7.805 ; 8.123 ; 8.075 ;
; rom_data_out[3] ; data_out[3] ; 7.978 ; 7.957 ; 8.282 ; 8.250 ;
; rom_data_out[4] ; data_out[4] ; 8.850 ; 8.799 ; 9.114 ; 9.052 ;
; rom_data_out[5] ; data_out[5] ; 8.324 ; 8.334 ; 8.603 ; 8.565 ;
; rom_data_out[6] ; data_out[6] ; 7.154 ; 7.167 ; 7.643 ; 7.511 ;
; rom_data_out[7] ; data_out[7] ; 7.100 ; 7.069 ; 7.495 ; 7.404 ;
+-----------------+-------------+-------+-------+-------+-------+


---------------------------------------------
; Slow 1200mV 0C Model Metastability Report ;
---------------------------------------------
No synchronizer chains to report.


--------------------------------------
; Fast 1200mV 0C Model Setup Summary ;
--------------------------------------
No paths to report.


-------------------------------------
; Fast 1200mV 0C Model Hold Summary ;
-------------------------------------
No paths to report.


-----------------------------------------
; Fast 1200mV 0C Model Recovery Summary ;
-----------------------------------------
No paths to report.


----------------------------------------
; Fast 1200mV 0C Model Removal Summary ;
----------------------------------------
No paths to report.


----------------------------------------------------
; Fast 1200mV 0C Model Minimum Pulse Width Summary ;
----------------------------------------------------
No paths to report.


+---------------------------------------------------------------+
; Propagation Delay                                             ;
+-----------------+-------------+-------+-------+-------+-------+
; Input Port      ; Output Port ; RR    ; RF    ; FR    ; FF    ;
+-----------------+-------------+-------+-------+-------+-------+
; address[0]      ; data_out[0] ; 4.645 ; 4.699 ; 5.202 ; 5.256 ;
; address[0]      ; data_out[1] ; 5.772 ; 5.907 ; 6.328 ; 6.463 ;
; address[0]      ; data_out[2] ; 5.270 ; 5.354 ; 5.844 ; 5.928 ;
; address[0]      ; data_out[3] ; 5.464 ; 5.580 ; 5.988 ; 6.104 ;
; address[0]      ; data_out[4] ; 6.077 ; 6.253 ; 6.651 ; 6.827 ;
; address[0]      ; data_out[5] ; 5.753 ; 5.874 ; 6.326 ; 6.447 ;
; address[0]      ; data_out[6] ; 4.536 ; 4.563 ; 5.092 ; 5.119 ;
; address[0]      ; data_out[7] ; 4.790 ; 4.802 ; 5.345 ; 5.376 ;
; address[1]      ; data_out[0] ; 5.084 ; 5.138 ; 5.601 ; 5.655 ;
; address[1]      ; data_out[1] ; 6.211 ; 6.346 ; 6.727 ; 6.862 ;
; address[1]      ; data_out[2] ; 5.709 ; 5.793 ; 6.243 ; 6.327 ;
; address[1]      ; data_out[3] ; 5.903 ; 6.019 ; 6.387 ; 6.503 ;
; address[1]      ; data_out[4] ; 6.516 ; 6.692 ; 7.050 ; 7.226 ;
; address[1]      ; data_out[5] ; 6.192 ; 6.313 ; 6.725 ; 6.846 ;
; address[1]      ; data_out[6] ; 4.975 ; 5.002 ; 5.491 ; 5.518 ;
; address[1]      ; data_out[7] ; 5.229 ; 5.241 ; 5.744 ; 5.775 ;
; address[2]      ; data_out[0] ; 5.104 ; 5.158 ; 5.627 ; 5.681 ;
; address[2]      ; data_out[1] ; 6.231 ; 6.366 ; 6.753 ; 6.888 ;
; address[2]      ; data_out[2] ; 5.729 ; 5.813 ; 6.269 ; 6.353 ;
; address[2]      ; data_out[3] ; 5.923 ; 6.039 ; 6.413 ; 6.529 ;
; address[2]      ; data_out[4] ; 6.536 ; 6.712 ; 7.076 ; 7.252 ;
; address[2]      ; data_out[5] ; 6.212 ; 6.333 ; 6.751 ; 6.872 ;
; address[2]      ; data_out[6] ; 4.995 ; 5.022 ; 5.517 ; 5.544 ;
; address[2]      ; data_out[7] ; 5.249 ; 5.261 ; 5.770 ; 5.801 ;
; address[3]      ; data_out[0] ; 4.938 ; 4.992 ; 5.449 ; 5.503 ;
; address[3]      ; data_out[1] ; 6.065 ; 6.200 ; 6.575 ; 6.710 ;
; address[3]      ; data_out[2] ; 5.563 ; 5.647 ; 6.091 ; 6.175 ;
; address[3]      ; data_out[3] ; 5.757 ; 5.873 ; 6.235 ; 6.351 ;
; address[3]      ; data_out[4] ; 6.370 ; 6.546 ; 6.898 ; 7.074 ;
; address[3]      ; data_out[5] ; 6.046 ; 6.167 ; 6.573 ; 6.694 ;
; address[3]      ; data_out[6] ; 4.829 ; 4.856 ; 5.339 ; 5.366 ;
; address[3]      ; data_out[7] ; 5.083 ; 5.095 ; 5.592 ; 5.623 ;
; address[4]      ; data_out[0] ; 4.948 ; 5.002 ; 5.593 ; 5.647 ;
; address[4]      ; data_out[1] ; 6.074 ; 6.209 ; 6.720 ; 6.855 ;
; address[4]      ; data_out[2] ; 5.590 ; 5.674 ; 6.218 ; 6.302 ;
; address[4]      ; data_out[3] ; 5.734 ; 5.850 ; 6.412 ; 6.528 ;
; address[4]      ; data_out[4] ; 6.397 ; 6.573 ; 7.025 ; 7.201 ;
; address[4]      ; data_out[5] ; 6.072 ; 6.193 ; 6.701 ; 6.822 ;
; address[4]      ; data_out[6] ; 4.838 ; 4.865 ; 5.484 ; 5.511 ;
; address[4]      ; data_out[7] ; 5.091 ; 5.122 ; 5.738 ; 5.750 ;
; address[5]      ; data_out[0] ; 4.976 ; 5.030 ; 5.610 ; 5.664 ;
; address[5]      ; data_out[1] ; 6.102 ; 6.237 ; 6.737 ; 6.872 ;
; address[5]      ; data_out[2] ; 5.618 ; 5.702 ; 6.235 ; 6.319 ;
; address[5]      ; data_out[3] ; 5.762 ; 5.878 ; 6.429 ; 6.545 ;
; address[5]      ; data_out[4] ; 6.425 ; 6.601 ; 7.042 ; 7.218 ;
; address[5]      ; data_out[5] ; 6.100 ; 6.221 ; 6.718 ; 6.839 ;
; address[5]      ; data_out[6] ; 4.866 ; 4.893 ; 5.501 ; 5.528 ;
; address[5]      ; data_out[7] ; 5.119 ; 5.150 ; 5.755 ; 5.767 ;
; address[6]      ; data_out[0] ; 4.914 ; 4.968 ; 5.553 ; 5.607 ;
; address[6]      ; data_out[1] ; 6.040 ; 6.175 ; 6.680 ; 6.815 ;
; address[6]      ; data_out[2] ; 5.556 ; 5.640 ; 6.178 ; 6.262 ;
; address[6]      ; data_out[3] ; 5.700 ; 5.816 ; 6.372 ; 6.488 ;
; address[6]      ; data_out[4] ; 6.363 ; 6.539 ; 6.985 ; 7.161 ;
; address[6]      ; data_out[5] ; 6.038 ; 6.159 ; 6.661 ; 6.782 ;
; address[6]      ; data_out[6] ; 4.804 ; 4.831 ; 5.444 ; 5.471 ;
; address[6]      ; data_out[7] ; 5.057 ; 5.088 ; 5.698 ; 5.710 ;
; address[7]      ; data_out[0] ; 4.889 ; 4.943 ; 5.523 ; 5.543 ;
; address[7]      ; data_out[1] ; 6.008 ; 6.143 ; 6.601 ; 6.736 ;
; address[7]      ; data_out[2] ; 5.419 ; 5.503 ; 6.003 ; 6.087 ;
; address[7]      ; data_out[3] ; 5.613 ; 5.729 ; 6.147 ; 6.263 ;
; address[7]      ; data_out[4] ; 6.226 ; 6.402 ; 6.810 ; 6.986 ;
; address[7]      ; data_out[5] ; 5.902 ; 6.023 ; 6.485 ; 6.606 ;
; address[7]      ; data_out[6] ; 4.773 ; 4.800 ; 5.374 ; 5.428 ;
; address[7]      ; data_out[7] ; 4.939 ; 4.951 ; 5.504 ; 5.535 ;
; port_in_00[0]   ; data_out[0] ; 3.289 ;       ;       ; 3.626 ;
; port_in_00[1]   ; data_out[1] ; 4.888 ;       ;       ; 5.649 ;
; port_in_00[2]   ; data_out[2] ; 4.266 ;       ;       ; 4.960 ;
; port_in_00[3]   ; data_out[3] ; 4.183 ;       ;       ; 4.872 ;
; port_in_00[4]   ; data_out[4] ; 4.862 ;       ;       ; 5.619 ;
; port_in_00[5]   ; data_out[5] ; 4.633 ;       ;       ; 5.370 ;
; port_in_00[6]   ; data_out[6] ; 3.997 ;       ;       ; 4.634 ;
; port_in_00[7]   ; data_out[7] ; 3.994 ;       ;       ; 4.576 ;
; port_in_01[0]   ; data_out[0] ; 3.176 ;       ;       ; 3.500 ;
; port_in_01[1]   ; data_out[1] ; 4.673 ;       ;       ; 5.361 ;
; port_in_01[2]   ; data_out[2] ; 4.122 ;       ;       ; 4.810 ;
; port_in_01[3]   ; data_out[3] ; 4.168 ;       ;       ; 4.847 ;
; port_in_01[4]   ; data_out[4] ; 4.900 ;       ;       ; 5.668 ;
; port_in_01[5]   ; data_out[5] ; 4.558 ;       ;       ; 5.258 ;
; port_in_01[6]   ; data_out[6] ; 4.016 ;       ;       ; 4.643 ;
; port_in_01[7]   ; data_out[7] ; 3.919 ;       ;       ; 4.493 ;
; ram_data_out[0] ; data_out[0] ; 4.607 ; 4.597 ; 5.213 ; 5.267 ;
; ram_data_out[1] ; data_out[1] ; 5.530 ; 5.601 ; 6.212 ; 6.347 ;
; ram_data_out[2] ; data_out[2] ; 4.978 ; 4.995 ; 5.639 ; 5.723 ;
; ram_data_out[3] ; data_out[3] ; 5.157 ; 5.209 ; 5.831 ; 5.947 ;
; ram_data_out[4] ; data_out[4] ; 5.784 ; 5.896 ; 6.431 ; 6.607 ;
; ram_data_out[5] ; data_out[5] ; 5.393 ; 5.476 ; 6.054 ; 6.175 ;
; ram_data_out[6] ; data_out[6] ; 4.422 ; 4.477 ; 5.046 ; 5.073 ;
; ram_data_out[7] ; data_out[7] ; 4.346 ; 4.357 ; 4.923 ; 4.954 ;
; rom_data_out[0] ; data_out[0] ; 4.469 ; 4.459 ; 5.060 ; 5.114 ;
; rom_data_out[1] ; data_out[1] ; 5.393 ; 5.464 ; 6.045 ; 6.180 ;
; rom_data_out[2] ; data_out[2] ; 5.039 ; 5.056 ; 5.719 ; 5.803 ;
; rom_data_out[3] ; data_out[3] ; 5.140 ; 5.192 ; 5.829 ; 5.945 ;
; rom_data_out[4] ; data_out[4] ; 5.713 ; 5.825 ; 6.370 ; 6.546 ;
; rom_data_out[5] ; data_out[5] ; 5.386 ; 5.469 ; 6.055 ; 6.176 ;
; rom_data_out[6] ; data_out[6] ; 4.713 ; 4.768 ; 5.414 ; 5.441 ;
; rom_data_out[7] ; data_out[7] ; 4.639 ; 4.650 ; 5.281 ; 5.312 ;
+-----------------+-------------+-------+-------+-------+-------+


+---------------------------------------------------------------+
; Minimum Propagation Delay                                     ;
+-----------------+-------------+-------+-------+-------+-------+
; Input Port      ; Output Port ; RR    ; RF    ; FR    ; FF    ;
+-----------------+-------------+-------+-------+-------+-------+
; address[0]      ; data_out[0] ; 4.496 ; 4.522 ; 5.038 ; 5.064 ;
; address[0]      ; data_out[1] ; 5.482 ; 5.585 ; 6.023 ; 6.126 ;
; address[0]      ; data_out[2] ; 5.050 ; 5.101 ; 5.528 ; 5.579 ;
; address[0]      ; data_out[3] ; 5.173 ; 5.259 ; 5.679 ; 5.765 ;
; address[0]      ; data_out[4] ; 5.841 ; 5.984 ; 6.320 ; 6.463 ;
; address[0]      ; data_out[5] ; 5.526 ; 5.632 ; 6.004 ; 6.110 ;
; address[0]      ; data_out[6] ; 4.352 ; 4.413 ; 4.893 ; 4.961 ;
; address[0]      ; data_out[7] ; 4.633 ; 4.626 ; 5.120 ; 5.158 ;
; address[1]      ; data_out[0] ; 4.554 ; 4.589 ; 5.100 ; 5.115 ;
; address[1]      ; data_out[1] ; 5.544 ; 5.634 ; 6.029 ; 6.126 ;
; address[1]      ; data_out[2] ; 4.922 ; 4.958 ; 5.407 ; 5.450 ;
; address[1]      ; data_out[3] ; 5.113 ; 5.186 ; 5.598 ; 5.678 ;
; address[1]      ; data_out[4] ; 5.741 ; 5.871 ; 6.227 ; 6.364 ;
; address[1]      ; data_out[5] ; 5.424 ; 5.514 ; 5.909 ; 6.006 ;
; address[1]      ; data_out[6] ; 4.515 ; 4.514 ; 5.005 ; 5.083 ;
; address[1]      ; data_out[7] ; 4.613 ; 4.613 ; 5.121 ; 5.158 ;
; address[2]      ; data_out[0] ; 4.573 ; 4.608 ; 5.126 ; 5.141 ;
; address[2]      ; data_out[1] ; 5.563 ; 5.653 ; 6.055 ; 6.152 ;
; address[2]      ; data_out[2] ; 4.941 ; 4.977 ; 5.433 ; 5.476 ;
; address[2]      ; data_out[3] ; 5.132 ; 5.205 ; 5.624 ; 5.704 ;
; address[2]      ; data_out[4] ; 5.760 ; 5.890 ; 6.253 ; 6.390 ;
; address[2]      ; data_out[5] ; 5.443 ; 5.533 ; 5.935 ; 6.032 ;
; address[2]      ; data_out[6] ; 4.534 ; 4.533 ; 5.031 ; 5.109 ;
; address[2]      ; data_out[7] ; 4.632 ; 4.632 ; 5.147 ; 5.184 ;
; address[3]      ; data_out[0] ; 4.323 ; 4.358 ; 4.862 ; 4.877 ;
; address[3]      ; data_out[1] ; 5.313 ; 5.403 ; 5.791 ; 5.888 ;
; address[3]      ; data_out[2] ; 4.691 ; 4.727 ; 5.169 ; 5.212 ;
; address[3]      ; data_out[3] ; 4.882 ; 4.955 ; 5.360 ; 5.440 ;
; address[3]      ; data_out[4] ; 5.510 ; 5.640 ; 5.989 ; 6.126 ;
; address[3]      ; data_out[5] ; 5.193 ; 5.283 ; 5.671 ; 5.768 ;
; address[3]      ; data_out[6] ; 4.284 ; 4.283 ; 4.767 ; 4.845 ;
; address[3]      ; data_out[7] ; 4.382 ; 4.382 ; 4.883 ; 4.920 ;
; address[4]      ; data_out[0] ; 4.473 ; 4.488 ; 5.102 ; 5.137 ;
; address[4]      ; data_out[1] ; 5.402 ; 5.499 ; 6.092 ; 6.182 ;
; address[4]      ; data_out[2] ; 4.780 ; 4.823 ; 5.470 ; 5.506 ;
; address[4]      ; data_out[3] ; 4.971 ; 5.051 ; 5.661 ; 5.734 ;
; address[4]      ; data_out[4] ; 5.600 ; 5.737 ; 6.289 ; 6.419 ;
; address[4]      ; data_out[5] ; 5.282 ; 5.379 ; 5.972 ; 6.062 ;
; address[4]      ; data_out[6] ; 4.378 ; 4.456 ; 5.063 ; 5.062 ;
; address[4]      ; data_out[7] ; 4.494 ; 4.531 ; 5.161 ; 5.161 ;
; address[5]      ; data_out[0] ; 4.483 ; 4.498 ; 5.075 ; 5.110 ;
; address[5]      ; data_out[1] ; 5.412 ; 5.509 ; 6.065 ; 6.155 ;
; address[5]      ; data_out[2] ; 4.790 ; 4.833 ; 5.443 ; 5.479 ;
; address[5]      ; data_out[3] ; 4.981 ; 5.061 ; 5.634 ; 5.707 ;
; address[5]      ; data_out[4] ; 5.610 ; 5.747 ; 6.262 ; 6.392 ;
; address[5]      ; data_out[5] ; 5.292 ; 5.389 ; 5.945 ; 6.035 ;
; address[5]      ; data_out[6] ; 4.388 ; 4.466 ; 5.036 ; 5.035 ;
; address[5]      ; data_out[7] ; 4.500 ; 4.538 ; 5.095 ; 5.131 ;
; address[6]      ; data_out[0] ; 4.423 ; 4.438 ; 5.020 ; 5.055 ;
; address[6]      ; data_out[1] ; 5.352 ; 5.449 ; 6.010 ; 6.100 ;
; address[6]      ; data_out[2] ; 4.730 ; 4.773 ; 5.388 ; 5.424 ;
; address[6]      ; data_out[3] ; 4.921 ; 5.001 ; 5.579 ; 5.652 ;
; address[6]      ; data_out[4] ; 5.550 ; 5.687 ; 6.207 ; 6.337 ;
; address[6]      ; data_out[5] ; 5.232 ; 5.329 ; 5.890 ; 5.980 ;
; address[6]      ; data_out[6] ; 4.328 ; 4.406 ; 4.981 ; 4.980 ;
; address[6]      ; data_out[7] ; 4.439 ; 4.477 ; 5.039 ; 5.075 ;
; address[7]      ; data_out[0] ; 4.359 ; 4.374 ; 4.969 ; 5.004 ;
; address[7]      ; data_out[1] ; 5.288 ; 5.385 ; 5.959 ; 6.049 ;
; address[7]      ; data_out[2] ; 4.666 ; 4.709 ; 5.337 ; 5.373 ;
; address[7]      ; data_out[3] ; 4.857 ; 4.937 ; 5.528 ; 5.601 ;
; address[7]      ; data_out[4] ; 5.486 ; 5.623 ; 6.156 ; 6.286 ;
; address[7]      ; data_out[5] ; 5.168 ; 5.265 ; 5.839 ; 5.929 ;
; address[7]      ; data_out[6] ; 4.264 ; 4.342 ; 4.930 ; 4.929 ;
; address[7]      ; data_out[7] ; 4.380 ; 4.417 ; 5.028 ; 5.028 ;
; port_in_00[0]   ; data_out[0] ; 3.215 ;       ;       ; 3.554 ;
; port_in_00[1]   ; data_out[1] ; 4.757 ;       ;       ; 5.501 ;
; port_in_00[2]   ; data_out[2] ; 4.156 ;       ;       ; 4.840 ;
; port_in_00[3]   ; data_out[3] ; 4.077 ;       ;       ; 4.753 ;
; port_in_00[4]   ; data_out[4] ; 4.737 ;       ;       ; 5.477 ;
; port_in_00[5]   ; data_out[5] ; 4.519 ;       ;       ; 5.241 ;
; port_in_00[6]   ; data_out[6] ; 3.903 ;       ;       ; 4.530 ;
; port_in_00[7]   ; data_out[7] ; 3.905 ;       ;       ; 4.480 ;
; port_in_01[0]   ; data_out[0] ; 3.126 ;       ;       ; 3.453 ;
; port_in_01[1]   ; data_out[1] ; 4.551 ;       ;       ; 5.226 ;
; port_in_01[2]   ; data_out[2] ; 4.020 ;       ;       ; 4.695 ;
; port_in_01[3]   ; data_out[3] ; 4.064 ;       ;       ; 4.731 ;
; port_in_01[4]   ; data_out[4] ; 4.773 ;       ;       ; 5.526 ;
; port_in_01[5]   ; data_out[5] ; 4.447 ;       ;       ; 5.131 ;
; port_in_01[6]   ; data_out[6] ; 3.919 ;       ;       ; 4.538 ;
; port_in_01[7]   ; data_out[7] ; 3.832 ;       ;       ; 4.399 ;
; ram_data_out[0] ; data_out[0] ; 4.452 ; 4.478 ; 5.078 ; 5.087 ;
; ram_data_out[1] ; data_out[1] ; 5.339 ; 5.442 ; 6.045 ; 6.144 ;
; ram_data_out[2] ; data_out[2] ; 4.801 ; 4.852 ; 5.478 ; 5.529 ;
; ram_data_out[3] ; data_out[3] ; 4.977 ; 5.063 ; 5.677 ; 5.759 ;
; ram_data_out[4] ; data_out[4] ; 5.580 ; 5.723 ; 6.246 ; 6.385 ;
; ram_data_out[5] ; data_out[5] ; 5.212 ; 5.318 ; 5.884 ; 5.954 ;
; ram_data_out[6] ; data_out[6] ; 4.269 ; 4.355 ; 4.913 ; 4.905 ;
; ram_data_out[7] ; data_out[7] ; 4.207 ; 4.245 ; 4.800 ; 4.793 ;
; rom_data_out[0] ; data_out[0] ; 4.327 ; 4.353 ; 4.945 ; 4.954 ;
; rom_data_out[1] ; data_out[1] ; 5.207 ; 5.310 ; 5.883 ; 5.982 ;
; rom_data_out[2] ; data_out[2] ; 4.866 ; 4.917 ; 5.569 ; 5.620 ;
; rom_data_out[3] ; data_out[3] ; 4.955 ; 5.041 ; 5.665 ; 5.747 ;
; rom_data_out[4] ; data_out[4] ; 5.519 ; 5.662 ; 6.202 ; 6.341 ;
; rom_data_out[5] ; data_out[5] ; 5.213 ; 5.319 ; 5.901 ; 5.971 ;
; rom_data_out[6] ; data_out[6] ; 4.555 ; 4.641 ; 5.280 ; 5.272 ;
; rom_data_out[7] ; data_out[7] ; 4.495 ; 4.533 ; 5.157 ; 5.150 ;
+-----------------+-------------+-------+-------+-------+-------+


---------------------------------------------
; Fast 1200mV 0C Model Metastability Report ;
---------------------------------------------
No synchronizer chains to report.


+----------------------------------------------------------------------------+
; Multicorner Timing Analysis Summary                                        ;
+------------------+-------+------+----------+---------+---------------------+
; Clock            ; Setup ; Hold ; Recovery ; Removal ; Minimum Pulse Width ;
+------------------+-------+------+----------+---------+---------------------+
; Worst-case Slack ; N/A   ; N/A  ; N/A      ; N/A     ; N/A                 ;
; Design-wide TNS  ; 0.0   ; 0.0  ; 0.0      ; 0.0     ; 0.0                 ;
+------------------+-------+------+----------+---------+---------------------+


+-------------------------------------------------------------------+
; Propagation Delay                                                 ;
+-----------------+-------------+--------+--------+--------+--------+
; Input Port      ; Output Port ; RR     ; RF     ; FR     ; FF     ;
+-----------------+-------------+--------+--------+--------+--------+
; address[0]      ; data_out[0] ; 7.851  ; 7.893  ; 8.214  ; 8.265  ;
; address[0]      ; data_out[1] ; 9.773  ; 9.868  ; 10.145 ; 10.240 ;
; address[0]      ; data_out[2] ; 9.082  ; 8.997  ; 9.393  ; 9.404  ;
; address[0]      ; data_out[3] ; 9.334  ; 9.393  ; 9.691  ; 9.722  ;
; address[0]      ; data_out[4] ; 10.430 ; 10.382 ; 10.738 ; 10.791 ;
; address[0]      ; data_out[5] ; 9.792  ; 9.819  ; 10.108 ; 10.211 ;
; address[0]      ; data_out[6] ; 7.740  ; 7.687  ; 8.117  ; 8.062  ;
; address[0]      ; data_out[7] ; 8.144  ; 8.099  ; 8.508  ; 8.506  ;
; address[1]      ; data_out[0] ; 8.610  ; 8.652  ; 8.912  ; 8.963  ;
; address[1]      ; data_out[1] ; 10.532 ; 10.627 ; 10.843 ; 10.938 ;
; address[1]      ; data_out[2] ; 9.841  ; 9.756  ; 10.091 ; 10.102 ;
; address[1]      ; data_out[3] ; 10.093 ; 10.152 ; 10.389 ; 10.420 ;
; address[1]      ; data_out[4] ; 11.189 ; 11.141 ; 11.436 ; 11.489 ;
; address[1]      ; data_out[5] ; 10.551 ; 10.578 ; 10.806 ; 10.909 ;
; address[1]      ; data_out[6] ; 8.499  ; 8.446  ; 8.815  ; 8.760  ;
; address[1]      ; data_out[7] ; 8.903  ; 8.858  ; 9.206  ; 9.204  ;
; address[2]      ; data_out[0] ; 8.662  ; 8.704  ; 8.972  ; 9.023  ;
; address[2]      ; data_out[1] ; 10.584 ; 10.679 ; 10.903 ; 10.998 ;
; address[2]      ; data_out[2] ; 9.893  ; 9.808  ; 10.151 ; 10.162 ;
; address[2]      ; data_out[3] ; 10.145 ; 10.204 ; 10.449 ; 10.480 ;
; address[2]      ; data_out[4] ; 11.241 ; 11.193 ; 11.496 ; 11.549 ;
; address[2]      ; data_out[5] ; 10.603 ; 10.630 ; 10.866 ; 10.969 ;
; address[2]      ; data_out[6] ; 8.551  ; 8.498  ; 8.875  ; 8.820  ;
; address[2]      ; data_out[7] ; 8.955  ; 8.910  ; 9.266  ; 9.264  ;
; address[3]      ; data_out[0] ; 8.379  ; 8.421  ; 8.688  ; 8.739  ;
; address[3]      ; data_out[1] ; 10.301 ; 10.396 ; 10.619 ; 10.714 ;
; address[3]      ; data_out[2] ; 9.610  ; 9.525  ; 9.867  ; 9.878  ;
; address[3]      ; data_out[3] ; 9.862  ; 9.921  ; 10.165 ; 10.196 ;
; address[3]      ; data_out[4] ; 10.958 ; 10.910 ; 11.212 ; 11.265 ;
; address[3]      ; data_out[5] ; 10.320 ; 10.347 ; 10.582 ; 10.685 ;
; address[3]      ; data_out[6] ; 8.268  ; 8.215  ; 8.591  ; 8.536  ;
; address[3]      ; data_out[7] ; 8.672  ; 8.627  ; 8.982  ; 8.980  ;
; address[4]      ; data_out[0] ; 8.370  ; 8.421  ; 8.865  ; 8.907  ;
; address[4]      ; data_out[1] ; 10.301 ; 10.396 ; 10.787 ; 10.882 ;
; address[4]      ; data_out[2] ; 9.549  ; 9.560  ; 10.096 ; 10.011 ;
; address[4]      ; data_out[3] ; 9.847  ; 9.878  ; 10.348 ; 10.407 ;
; address[4]      ; data_out[4] ; 10.894 ; 10.947 ; 11.444 ; 11.396 ;
; address[4]      ; data_out[5] ; 10.264 ; 10.367 ; 10.806 ; 10.833 ;
; address[4]      ; data_out[6] ; 8.273  ; 8.218  ; 8.754  ; 8.701  ;
; address[4]      ; data_out[7] ; 8.664  ; 8.662  ; 9.158  ; 9.113  ;
; address[5]      ; data_out[0] ; 8.426  ; 8.477  ; 8.944  ; 8.986  ;
; address[5]      ; data_out[1] ; 10.357 ; 10.452 ; 10.866 ; 10.961 ;
; address[5]      ; data_out[2] ; 9.605  ; 9.616  ; 10.175 ; 10.090 ;
; address[5]      ; data_out[3] ; 9.903  ; 9.934  ; 10.427 ; 10.486 ;
; address[5]      ; data_out[4] ; 10.950 ; 11.003 ; 11.523 ; 11.475 ;
; address[5]      ; data_out[5] ; 10.320 ; 10.423 ; 10.885 ; 10.912 ;
; address[5]      ; data_out[6] ; 8.329  ; 8.274  ; 8.833  ; 8.780  ;
; address[5]      ; data_out[7] ; 8.720  ; 8.718  ; 9.237  ; 9.192  ;
; address[6]      ; data_out[0] ; 8.328  ; 8.379  ; 8.826  ; 8.868  ;
; address[6]      ; data_out[1] ; 10.259 ; 10.354 ; 10.748 ; 10.843 ;
; address[6]      ; data_out[2] ; 9.507  ; 9.518  ; 10.057 ; 9.972  ;
; address[6]      ; data_out[3] ; 9.805  ; 9.836  ; 10.309 ; 10.368 ;
; address[6]      ; data_out[4] ; 10.852 ; 10.905 ; 11.405 ; 11.357 ;
; address[6]      ; data_out[5] ; 10.222 ; 10.325 ; 10.767 ; 10.794 ;
; address[6]      ; data_out[6] ; 8.231  ; 8.176  ; 8.715  ; 8.662  ;
; address[6]      ; data_out[7] ; 8.622  ; 8.620  ; 9.119  ; 9.074  ;
; address[7]      ; data_out[0] ; 8.284  ; 8.353  ; 8.773  ; 8.764  ;
; address[7]      ; data_out[1] ; 10.226 ; 10.321 ; 10.669 ; 10.717 ;
; address[7]      ; data_out[2] ; 9.359  ; 9.274  ; 9.675  ; 9.686  ;
; address[7]      ; data_out[3] ; 9.611  ; 9.670  ; 9.973  ; 10.004 ;
; address[7]      ; data_out[4] ; 10.707 ; 10.659 ; 11.020 ; 11.073 ;
; address[7]      ; data_out[5] ; 10.069 ; 10.096 ; 10.390 ; 10.493 ;
; address[7]      ; data_out[6] ; 8.200  ; 8.145  ; 8.628  ; 8.607  ;
; address[7]      ; data_out[7] ; 8.421  ; 8.376  ; 8.790  ; 8.788  ;
; port_in_00[0]   ; data_out[0] ; 5.331  ;        ;        ; 5.509  ;
; port_in_00[1]   ; data_out[1] ; 8.261  ;        ;        ; 8.820  ;
; port_in_00[2]   ; data_out[2] ; 7.284  ;        ;        ; 7.731  ;
; port_in_00[3]   ; data_out[3] ; 7.130  ;        ;        ; 7.605  ;
; port_in_00[4]   ; data_out[4] ; 8.221  ;        ;        ; 8.686  ;
; port_in_00[5]   ; data_out[5] ; 7.806  ;        ;        ; 8.330  ;
; port_in_00[6]   ; data_out[6] ; 6.723  ;        ;        ; 7.105  ;
; port_in_00[7]   ; data_out[7] ; 6.692  ;        ;        ; 7.088  ;
; port_in_01[0]   ; data_out[0] ; 5.158  ;        ;        ; 5.269  ;
; port_in_01[1]   ; data_out[1] ; 7.895  ;        ;        ; 8.341  ;
; port_in_01[2]   ; data_out[2] ; 7.076  ;        ;        ; 7.469  ;
; port_in_01[3]   ; data_out[3] ; 7.108  ;        ;        ; 7.542  ;
; port_in_01[4]   ; data_out[4] ; 8.328  ;        ;        ; 8.789  ;
; port_in_01[5]   ; data_out[5] ; 7.651  ;        ;        ; 8.155  ;
; port_in_01[6]   ; data_out[6] ; 6.825  ;        ;        ; 7.208  ;
; port_in_01[7]   ; data_out[7] ; 6.579  ;        ;        ; 6.949  ;
; ram_data_out[0] ; data_out[0] ; 7.749  ; 7.697  ; 8.167  ; 8.236  ;
; ram_data_out[1] ; data_out[1] ; 9.441  ; 9.415  ; 9.905  ; 10.000 ;
; ram_data_out[2] ; data_out[2] ; 8.637  ; 8.552  ; 9.005  ; 9.036  ;
; ram_data_out[3] ; data_out[3] ; 8.985  ; 8.927  ; 9.333  ; 9.396  ;
; ram_data_out[4] ; data_out[4] ; 9.969  ; 9.919  ; 10.314 ; 10.385 ;
; ram_data_out[5] ; data_out[5] ; 9.240  ; 9.267  ; 9.619  ; 9.722  ;
; ram_data_out[6] ; data_out[6] ; 7.556  ; 7.535  ; 8.002  ; 7.947  ;
; ram_data_out[7] ; data_out[7] ; 7.366  ; 7.321  ; 7.799  ; 7.797  ;
; rom_data_out[0] ; data_out[0] ; 7.472  ; 7.420  ; 7.917  ; 7.986  ;
; rom_data_out[1] ; data_out[1] ; 9.248  ; 9.222  ; 9.678  ; 9.773  ;
; rom_data_out[2] ; data_out[2] ; 8.729  ; 8.644  ; 9.092  ; 9.123  ;
; rom_data_out[3] ; data_out[3] ; 8.899  ; 8.841  ; 9.305  ; 9.368  ;
; rom_data_out[4] ; data_out[4] ; 9.824  ; 9.774  ; 10.168 ; 10.239 ;
; rom_data_out[5] ; data_out[5] ; 9.214  ; 9.241  ; 9.581  ; 9.684  ;
; rom_data_out[6] ; data_out[6] ; 7.967  ; 7.946  ; 8.505  ; 8.450  ;
; rom_data_out[7] ; data_out[7] ; 7.885  ; 7.840  ; 8.347  ; 8.345  ;
+-----------------+-------------+--------+--------+--------+--------+


+---------------------------------------------------------------+
; Minimum Propagation Delay                                     ;
+-----------------+-------------+-------+-------+-------+-------+
; Input Port      ; Output Port ; RR    ; RF    ; FR    ; FF    ;
+-----------------+-------------+-------+-------+-------+-------+
; address[0]      ; data_out[0] ; 4.496 ; 4.522 ; 5.038 ; 5.064 ;
; address[0]      ; data_out[1] ; 5.482 ; 5.585 ; 6.023 ; 6.126 ;
; address[0]      ; data_out[2] ; 5.050 ; 5.101 ; 5.528 ; 5.579 ;
; address[0]      ; data_out[3] ; 5.173 ; 5.259 ; 5.679 ; 5.765 ;
; address[0]      ; data_out[4] ; 5.841 ; 5.984 ; 6.320 ; 6.463 ;
; address[0]      ; data_out[5] ; 5.526 ; 5.632 ; 6.004 ; 6.110 ;
; address[0]      ; data_out[6] ; 4.352 ; 4.413 ; 4.893 ; 4.961 ;
; address[0]      ; data_out[7] ; 4.633 ; 4.626 ; 5.120 ; 5.158 ;
; address[1]      ; data_out[0] ; 4.554 ; 4.589 ; 5.100 ; 5.115 ;
; address[1]      ; data_out[1] ; 5.544 ; 5.634 ; 6.029 ; 6.126 ;
; address[1]      ; data_out[2] ; 4.922 ; 4.958 ; 5.407 ; 5.450 ;
; address[1]      ; data_out[3] ; 5.113 ; 5.186 ; 5.598 ; 5.678 ;
; address[1]      ; data_out[4] ; 5.741 ; 5.871 ; 6.227 ; 6.364 ;
; address[1]      ; data_out[5] ; 5.424 ; 5.514 ; 5.909 ; 6.006 ;
; address[1]      ; data_out[6] ; 4.515 ; 4.514 ; 5.005 ; 5.083 ;
; address[1]      ; data_out[7] ; 4.613 ; 4.613 ; 5.121 ; 5.158 ;
; address[2]      ; data_out[0] ; 4.573 ; 4.608 ; 5.126 ; 5.141 ;
; address[2]      ; data_out[1] ; 5.563 ; 5.653 ; 6.055 ; 6.152 ;
; address[2]      ; data_out[2] ; 4.941 ; 4.977 ; 5.433 ; 5.476 ;
; address[2]      ; data_out[3] ; 5.132 ; 5.205 ; 5.624 ; 5.704 ;
; address[2]      ; data_out[4] ; 5.760 ; 5.890 ; 6.253 ; 6.390 ;
; address[2]      ; data_out[5] ; 5.443 ; 5.533 ; 5.935 ; 6.032 ;
; address[2]      ; data_out[6] ; 4.534 ; 4.533 ; 5.031 ; 5.109 ;
; address[2]      ; data_out[7] ; 4.632 ; 4.632 ; 5.147 ; 5.184 ;
; address[3]      ; data_out[0] ; 4.323 ; 4.358 ; 4.862 ; 4.877 ;
; address[3]      ; data_out[1] ; 5.313 ; 5.403 ; 5.791 ; 5.888 ;
; address[3]      ; data_out[2] ; 4.691 ; 4.727 ; 5.169 ; 5.212 ;
; address[3]      ; data_out[3] ; 4.882 ; 4.955 ; 5.360 ; 5.440 ;
; address[3]      ; data_out[4] ; 5.510 ; 5.640 ; 5.989 ; 6.126 ;
; address[3]      ; data_out[5] ; 5.193 ; 5.283 ; 5.671 ; 5.768 ;
; address[3]      ; data_out[6] ; 4.284 ; 4.283 ; 4.767 ; 4.845 ;
; address[3]      ; data_out[7] ; 4.382 ; 4.382 ; 4.883 ; 4.920 ;
; address[4]      ; data_out[0] ; 4.473 ; 4.488 ; 5.102 ; 5.137 ;
; address[4]      ; data_out[1] ; 5.402 ; 5.499 ; 6.092 ; 6.182 ;
; address[4]      ; data_out[2] ; 4.780 ; 4.823 ; 5.470 ; 5.506 ;
; address[4]      ; data_out[3] ; 4.971 ; 5.051 ; 5.661 ; 5.734 ;
; address[4]      ; data_out[4] ; 5.600 ; 5.737 ; 6.289 ; 6.419 ;
; address[4]      ; data_out[5] ; 5.282 ; 5.379 ; 5.972 ; 6.062 ;
; address[4]      ; data_out[6] ; 4.378 ; 4.456 ; 5.063 ; 5.062 ;
; address[4]      ; data_out[7] ; 4.494 ; 4.531 ; 5.161 ; 5.161 ;
; address[5]      ; data_out[0] ; 4.483 ; 4.498 ; 5.075 ; 5.110 ;
; address[5]      ; data_out[1] ; 5.412 ; 5.509 ; 6.065 ; 6.155 ;
; address[5]      ; data_out[2] ; 4.790 ; 4.833 ; 5.443 ; 5.479 ;
; address[5]      ; data_out[3] ; 4.981 ; 5.061 ; 5.634 ; 5.707 ;
; address[5]      ; data_out[4] ; 5.610 ; 5.747 ; 6.262 ; 6.392 ;
; address[5]      ; data_out[5] ; 5.292 ; 5.389 ; 5.945 ; 6.035 ;
; address[5]      ; data_out[6] ; 4.388 ; 4.466 ; 5.036 ; 5.035 ;
; address[5]      ; data_out[7] ; 4.500 ; 4.538 ; 5.095 ; 5.131 ;
; address[6]      ; data_out[0] ; 4.423 ; 4.438 ; 5.020 ; 5.055 ;
; address[6]      ; data_out[1] ; 5.352 ; 5.449 ; 6.010 ; 6.100 ;
; address[6]      ; data_out[2] ; 4.730 ; 4.773 ; 5.388 ; 5.424 ;
; address[6]      ; data_out[3] ; 4.921 ; 5.001 ; 5.579 ; 5.652 ;
; address[6]      ; data_out[4] ; 5.550 ; 5.687 ; 6.207 ; 6.337 ;
; address[6]      ; data_out[5] ; 5.232 ; 5.329 ; 5.890 ; 5.980 ;
; address[6]      ; data_out[6] ; 4.328 ; 4.406 ; 4.981 ; 4.980 ;
; address[6]      ; data_out[7] ; 4.439 ; 4.477 ; 5.039 ; 5.075 ;
; address[7]      ; data_out[0] ; 4.359 ; 4.374 ; 4.969 ; 5.004 ;
; address[7]      ; data_out[1] ; 5.288 ; 5.385 ; 5.959 ; 6.049 ;
; address[7]      ; data_out[2] ; 4.666 ; 4.709 ; 5.337 ; 5.373 ;
; address[7]      ; data_out[3] ; 4.857 ; 4.937 ; 5.528 ; 5.601 ;
; address[7]      ; data_out[4] ; 5.486 ; 5.623 ; 6.156 ; 6.286 ;
; address[7]      ; data_out[5] ; 5.168 ; 5.265 ; 5.839 ; 5.929 ;
; address[7]      ; data_out[6] ; 4.264 ; 4.342 ; 4.930 ; 4.929 ;
; address[7]      ; data_out[7] ; 4.380 ; 4.417 ; 5.028 ; 5.028 ;
; port_in_00[0]   ; data_out[0] ; 3.215 ;       ;       ; 3.554 ;
; port_in_00[1]   ; data_out[1] ; 4.757 ;       ;       ; 5.501 ;
; port_in_00[2]   ; data_out[2] ; 4.156 ;       ;       ; 4.840 ;
; port_in_00[3]   ; data_out[3] ; 4.077 ;       ;       ; 4.753 ;
; port_in_00[4]   ; data_out[4] ; 4.737 ;       ;       ; 5.477 ;
; port_in_00[5]   ; data_out[5] ; 4.519 ;       ;       ; 5.241 ;
; port_in_00[6]   ; data_out[6] ; 3.903 ;       ;       ; 4.530 ;
; port_in_00[7]   ; data_out[7] ; 3.905 ;       ;       ; 4.480 ;
; port_in_01[0]   ; data_out[0] ; 3.126 ;       ;       ; 3.453 ;
; port_in_01[1]   ; data_out[1] ; 4.551 ;       ;       ; 5.226 ;
; port_in_01[2]   ; data_out[2] ; 4.020 ;       ;       ; 4.695 ;
; port_in_01[3]   ; data_out[3] ; 4.064 ;       ;       ; 4.731 ;
; port_in_01[4]   ; data_out[4] ; 4.773 ;       ;       ; 5.526 ;
; port_in_01[5]   ; data_out[5] ; 4.447 ;       ;       ; 5.131 ;
; port_in_01[6]   ; data_out[6] ; 3.919 ;       ;       ; 4.538 ;
; port_in_01[7]   ; data_out[7] ; 3.832 ;       ;       ; 4.399 ;
; ram_data_out[0] ; data_out[0] ; 4.452 ; 4.478 ; 5.078 ; 5.087 ;
; ram_data_out[1] ; data_out[1] ; 5.339 ; 5.442 ; 6.045 ; 6.144 ;
; ram_data_out[2] ; data_out[2] ; 4.801 ; 4.852 ; 5.478 ; 5.529 ;
; ram_data_out[3] ; data_out[3] ; 4.977 ; 5.063 ; 5.677 ; 5.759 ;
; ram_data_out[4] ; data_out[4] ; 5.580 ; 5.723 ; 6.246 ; 6.385 ;
; ram_data_out[5] ; data_out[5] ; 5.212 ; 5.318 ; 5.884 ; 5.954 ;
; ram_data_out[6] ; data_out[6] ; 4.269 ; 4.355 ; 4.913 ; 4.905 ;
; ram_data_out[7] ; data_out[7] ; 4.207 ; 4.245 ; 4.800 ; 4.793 ;
; rom_data_out[0] ; data_out[0] ; 4.327 ; 4.353 ; 4.945 ; 4.954 ;
; rom_data_out[1] ; data_out[1] ; 5.207 ; 5.310 ; 5.883 ; 5.982 ;
; rom_data_out[2] ; data_out[2] ; 4.866 ; 4.917 ; 5.569 ; 5.620 ;
; rom_data_out[3] ; data_out[3] ; 4.955 ; 5.041 ; 5.665 ; 5.747 ;
; rom_data_out[4] ; data_out[4] ; 5.519 ; 5.662 ; 6.202 ; 6.341 ;
; rom_data_out[5] ; data_out[5] ; 5.213 ; 5.319 ; 5.901 ; 5.971 ;
; rom_data_out[6] ; data_out[6] ; 4.555 ; 4.641 ; 5.280 ; 5.272 ;
; rom_data_out[7] ; data_out[7] ; 4.495 ; 4.533 ; 5.157 ; 5.150 ;
+-----------------+-------------+-------+-------+-------+-------+


+------------------------------------------------------------------------------------------------------------------------------------------------------------------------------------------------------------------------------------------------------------------------------------------------------------------------------------------------------------------------------------------------------------------+
; Board Trace Model Assignments                                                                                                                                                                                                                                                                                                                                                                                    ;
+---------------+--------------+-------------------+-------------------------+-------------------------+---------------+---------------------+----------------+------------------+--------+------------------+------------------------+------------------------+--------------+---------------+-----------------+-------+---------------------+--------------------+---------------+-----------------+-------------+
; Pin           ; I/O Standard ; Near Tline Length ; Near Tline L per Length ; Near Tline C per Length ; Near Series R ; Near Differential R ; Near Pull-up R ; Near Pull-down R ; Near C ; Far Tline Length ; Far Tline L per Length ; Far Tline C per Length ; Far Series R ; Far Pull-up R ; Far Pull-down R ; Far C ; Termination Voltage ; Far Differential R ; EBD File Name ; EBD Signal Name ; EBD Far-end ;
+---------------+--------------+-------------------+-------------------------+-------------------------+---------------+---------------------+----------------+------------------+--------+------------------+------------------------+------------------------+--------------+---------------+-----------------+-------+---------------------+--------------------+---------------+-----------------+-------------+
; data_out[0]   ; 2.5 V        ; 0 in              ; 0 H/in                  ; 0 F/in                  ; short         ; -                   ; open           ; open             ; open   ; 0 in             ; 0 H/in                 ; 0 F/in                 ; short        ; open          ; open            ; open  ; 0 V                 ; -                  ; n/a           ; n/a             ; n/a         ;
; data_out[1]   ; 2.5 V        ; 0 in              ; 0 H/in                  ; 0 F/in                  ; short         ; -                   ; open           ; open             ; open   ; 0 in             ; 0 H/in                 ; 0 F/in                 ; short        ; open          ; open            ; open  ; 0 V                 ; -                  ; n/a           ; n/a             ; n/a         ;
; data_out[2]   ; 2.5 V        ; 0 in              ; 0 H/in                  ; 0 F/in                  ; short         ; -                   ; open           ; open             ; open   ; 0 in             ; 0 H/in                 ; 0 F/in                 ; short        ; open          ; open            ; open  ; 0 V                 ; -                  ; n/a           ; n/a             ; n/a         ;
; data_out[3]   ; 2.5 V        ; 0 in              ; 0 H/in                  ; 0 F/in                  ; short         ; -                   ; open           ; open             ; open   ; 0 in             ; 0 H/in                 ; 0 F/in                 ; short        ; open          ; open            ; open  ; 0 V                 ; -                  ; n/a           ; n/a             ; n/a         ;
; data_out[4]   ; 2.5 V        ; 0 in              ; 0 H/in                  ; 0 F/in                  ; short         ; -                   ; open           ; open             ; open   ; 0 in             ; 0 H/in                 ; 0 F/in                 ; short        ; open          ; open            ; open  ; 0 V                 ; -                  ; n/a           ; n/a             ; n/a         ;
; data_out[5]   ; 2.5 V        ; 0 in              ; 0 H/in                  ; 0 F/in                  ; short         ; -                   ; open           ; open             ; open   ; 0 in             ; 0 H/in                 ; 0 F/in                 ; short        ; open          ; open            ; open  ; 0 V                 ; -                  ; n/a           ; n/a             ; n/a         ;
; data_out[6]   ; 2.5 V        ; 0 in              ; 0 H/in                  ; 0 F/in                  ; short         ; -                   ; open           ; open             ; open   ; 0 in             ; 0 H/in                 ; 0 F/in                 ; short        ; open          ; open            ; open  ; 0 V                 ; -                  ; n/a           ; n/a             ; n/a         ;
; data_out[7]   ; 2.5 V        ; 0 in              ; 0 H/in                  ; 0 F/in                  ; short         ; -                   ; open           ; open             ; open   ; 0 in             ; 0 H/in                 ; 0 F/in                 ; short        ; open          ; open            ; open  ; 0 V                 ; -                  ; n/a           ; n/a             ; n/a         ;
; ~ALTERA_DCLK~ ; 2.5 V        ; 0 in              ; 0 H/in                  ; 0 F/in                  ; short         ; -                   ; open           ; open             ; open   ; 0 in             ; 0 H/in                 ; 0 F/in                 ; short        ; open          ; open            ; open  ; 0 V                 ; -                  ; n/a           ; n/a             ; n/a         ;
; ~ALTERA_nCEO~ ; 2.5 V        ; 0 in              ; 0 H/in                  ; 0 F/in                  ; short         ; -                   ; open           ; open             ; open   ; 0 in             ; 0 H/in                 ; 0 F/in                 ; short        ; open          ; open            ; open  ; 0 V                 ; -                  ; n/a           ; n/a             ; n/a         ;
+---------------+--------------+-------------------+-------------------------+-------------------------+---------------+---------------------+----------------+------------------+--------+------------------+------------------------+------------------------+--------------+---------------+-----------------+-------+---------------------+--------------------+---------------+-----------------+-------------+


+----------------------------------------------------------------------------+
; Input Transition Times                                                     ;
+-------------------------+--------------+-----------------+-----------------+
; Pin                     ; I/O Standard ; 10-90 Rise Time ; 90-10 Fall Time ;
+-------------------------+--------------+-----------------+-----------------+
; port_in_01[0]           ; 2.5 V        ; 2000 ps         ; 2000 ps         ;
; port_in_00[0]           ; 2.5 V        ; 2000 ps         ; 2000 ps         ;
; address[7]              ; 2.5 V        ; 2000 ps         ; 2000 ps         ;
; address[5]              ; 2.5 V        ; 2000 ps         ; 2000 ps         ;
; address[6]              ; 2.5 V        ; 2000 ps         ; 2000 ps         ;
; address[1]              ; 2.5 V        ; 2000 ps         ; 2000 ps         ;
; address[2]              ; 2.5 V        ; 2000 ps         ; 2000 ps         ;
; address[4]              ; 2.5 V        ; 2000 ps         ; 2000 ps         ;
; address[3]              ; 2.5 V        ; 2000 ps         ; 2000 ps         ;
; ram_data_out[0]         ; 2.5 V        ; 2000 ps         ; 2000 ps         ;
; rom_data_out[0]         ; 2.5 V        ; 2000 ps         ; 2000 ps         ;
; address[0]              ; 2.5 V        ; 2000 ps         ; 2000 ps         ;
; port_in_01[1]           ; 2.5 V        ; 2000 ps         ; 2000 ps         ;
; port_in_00[1]           ; 2.5 V        ; 2000 ps         ; 2000 ps         ;
; ram_data_out[1]         ; 2.5 V        ; 2000 ps         ; 2000 ps         ;
; rom_data_out[1]         ; 2.5 V        ; 2000 ps         ; 2000 ps         ;
; port_in_01[2]           ; 2.5 V        ; 2000 ps         ; 2000 ps         ;
; port_in_00[2]           ; 2.5 V        ; 2000 ps         ; 2000 ps         ;
; ram_data_out[2]         ; 2.5 V        ; 2000 ps         ; 2000 ps         ;
; rom_data_out[2]         ; 2.5 V        ; 2000 ps         ; 2000 ps         ;
; port_in_01[3]           ; 2.5 V        ; 2000 ps         ; 2000 ps         ;
; port_in_00[3]           ; 2.5 V        ; 2000 ps         ; 2000 ps         ;
; ram_data_out[3]         ; 2.5 V        ; 2000 ps         ; 2000 ps         ;
; rom_data_out[3]         ; 2.5 V        ; 2000 ps         ; 2000 ps         ;
; port_in_01[4]           ; 2.5 V        ; 2000 ps         ; 2000 ps         ;
; port_in_00[4]           ; 2.5 V        ; 2000 ps         ; 2000 ps         ;
; ram_data_out[4]         ; 2.5 V        ; 2000 ps         ; 2000 ps         ;
; rom_data_out[4]         ; 2.5 V        ; 2000 ps         ; 2000 ps         ;
; port_in_01[5]           ; 2.5 V        ; 2000 ps         ; 2000 ps         ;
; port_in_00[5]           ; 2.5 V        ; 2000 ps         ; 2000 ps         ;
; ram_data_out[5]         ; 2.5 V        ; 2000 ps         ; 2000 ps         ;
; rom_data_out[5]         ; 2.5 V        ; 2000 ps         ; 2000 ps         ;
; port_in_01[6]           ; 2.5 V        ; 2000 ps         ; 2000 ps         ;
; port_in_00[6]           ; 2.5 V        ; 2000 ps         ; 2000 ps         ;
; ram_data_out[6]         ; 2.5 V        ; 2000 ps         ; 2000 ps         ;
; rom_data_out[6]         ; 2.5 V        ; 2000 ps         ; 2000 ps         ;
; port_in_01[7]           ; 2.5 V        ; 2000 ps         ; 2000 ps         ;
; port_in_00[7]           ; 2.5 V        ; 2000 ps         ; 2000 ps         ;
; ram_data_out[7]         ; 2.5 V        ; 2000 ps         ; 2000 ps         ;
; rom_data_out[7]         ; 2.5 V        ; 2000 ps         ; 2000 ps         ;
; ~ALTERA_ASDO_DATA1~     ; 2.5 V        ; 2000 ps         ; 2000 ps         ;
; ~ALTERA_FLASH_nCE_nCSO~ ; 2.5 V        ; 2000 ps         ; 2000 ps         ;
; ~ALTERA_DATA0~          ; 2.5 V        ; 2000 ps         ; 2000 ps         ;
+-------------------------+--------------+-----------------+-----------------+


+--------------------------------------------------------------------------------------------------------------------------------------------------------------------------------------------------------------------------------------------------------------------------------------------------------------------------------------------------------------------------------------------------------------------------------------------------------------------------------------------------------------------------------------------------------------------------------------------------------------------------------------------------------------------------------------------+
; Slow Corner Signal Integrity Metrics                                                                                                                                                                                                                                                                                                                                                                                                                                                                                                                                                                                                                                                       ;
+---------------+--------------+---------------------+---------------------+------------------------------+------------------------------+---------------------+---------------------+--------------------------------------+--------------------------------------+-----------------------------+-----------------------------+----------------------------+----------------------------+-----------------------------+-----------------------------+--------------------+--------------------+-------------------------------------+-------------------------------------+----------------------------+----------------------------+---------------------------+---------------------------+
; Pin           ; I/O Standard ; Board Delay on Rise ; Board Delay on Fall ; Steady State Voh at FPGA Pin ; Steady State Vol at FPGA Pin ; Voh Max at FPGA Pin ; Vol Min at FPGA Pin ; Ringback Voltage on Rise at FPGA Pin ; Ringback Voltage on Fall at FPGA Pin ; 10-90 Rise Time at FPGA Pin ; 90-10 Fall Time at FPGA Pin ; Monotonic Rise at FPGA Pin ; Monotonic Fall at FPGA Pin ; Steady State Voh at Far-end ; Steady State Vol at Far-end ; Voh Max at Far-end ; Vol Min at Far-end ; Ringback Voltage on Rise at Far-end ; Ringback Voltage on Fall at Far-end ; 10-90 Rise Time at Far-end ; 90-10 Fall Time at Far-end ; Monotonic Rise at Far-end ; Monotonic Fall at Far-end ;
+---------------+--------------+---------------------+---------------------+------------------------------+------------------------------+---------------------+---------------------+--------------------------------------+--------------------------------------+-----------------------------+-----------------------------+----------------------------+----------------------------+-----------------------------+-----------------------------+--------------------+--------------------+-------------------------------------+-------------------------------------+----------------------------+----------------------------+---------------------------+---------------------------+
; data_out[0]   ; 2.5 V        ; 0 s                 ; 0 s                 ; 2.32 V                       ; 7.25e-07 V                   ; 2.35 V              ; -0.0111 V           ; 0.113 V                              ; 0.035 V                              ; 7.76e-10 s                  ; 8.04e-10 s                  ; Yes                        ; Yes                        ; 2.32 V                      ; 7.25e-07 V                  ; 2.35 V             ; -0.0111 V          ; 0.113 V                             ; 0.035 V                             ; 7.76e-10 s                 ; 8.04e-10 s                 ; Yes                       ; Yes                       ;
; data_out[1]   ; 2.5 V        ; 0 s                 ; 0 s                 ; 2.32 V                       ; 1.08e-06 V                   ; 2.36 V              ; -0.0113 V           ; 0.122 V                              ; 0.022 V                              ; 4.5e-10 s                   ; 4.45e-10 s                  ; Yes                        ; Yes                        ; 2.32 V                      ; 1.08e-06 V                  ; 2.36 V             ; -0.0113 V          ; 0.122 V                             ; 0.022 V                             ; 4.5e-10 s                  ; 4.45e-10 s                 ; Yes                       ; Yes                       ;
; data_out[2]   ; 2.5 V        ; 0 s                 ; 0 s                 ; 2.32 V                       ; 1.08e-06 V                   ; 2.36 V              ; -0.0113 V           ; 0.122 V                              ; 0.022 V                              ; 4.5e-10 s                   ; 4.45e-10 s                  ; Yes                        ; Yes                        ; 2.32 V                      ; 1.08e-06 V                  ; 2.36 V             ; -0.0113 V          ; 0.122 V                             ; 0.022 V                             ; 4.5e-10 s                  ; 4.45e-10 s                 ; Yes                       ; Yes                       ;
; data_out[3]   ; 2.5 V        ; 0 s                 ; 0 s                 ; 2.32 V                       ; 1.08e-06 V                   ; 2.36 V              ; -0.0113 V           ; 0.122 V                              ; 0.022 V                              ; 4.5e-10 s                   ; 4.45e-10 s                  ; Yes                        ; Yes                        ; 2.32 V                      ; 1.08e-06 V                  ; 2.36 V             ; -0.0113 V          ; 0.122 V                             ; 0.022 V                             ; 4.5e-10 s                  ; 4.45e-10 s                 ; Yes                       ; Yes                       ;
; data_out[4]   ; 2.5 V        ; 0 s                 ; 0 s                 ; 2.32 V                       ; 7.25e-07 V                   ; 2.35 V              ; -0.0111 V           ; 0.113 V                              ; 0.035 V                              ; 7.76e-10 s                  ; 8.04e-10 s                  ; Yes                        ; Yes                        ; 2.32 V                      ; 7.25e-07 V                  ; 2.35 V             ; -0.0111 V          ; 0.113 V                             ; 0.035 V                             ; 7.76e-10 s                 ; 8.04e-10 s                 ; Yes                       ; Yes                       ;
; data_out[5]   ; 2.5 V        ; 0 s                 ; 0 s                 ; 2.32 V                       ; 7.25e-07 V                   ; 2.35 V              ; -0.0111 V           ; 0.113 V                              ; 0.035 V                              ; 7.76e-10 s                  ; 8.04e-10 s                  ; Yes                        ; Yes                        ; 2.32 V                      ; 7.25e-07 V                  ; 2.35 V             ; -0.0111 V          ; 0.113 V                             ; 0.035 V                             ; 7.76e-10 s                 ; 8.04e-10 s                 ; Yes                       ; Yes                       ;
; data_out[6]   ; 2.5 V        ; 0 s                 ; 0 s                 ; 2.32 V                       ; 1.08e-06 V                   ; 2.36 V              ; -0.0113 V           ; 0.122 V                              ; 0.022 V                              ; 4.5e-10 s                   ; 4.45e-10 s                  ; Yes                        ; Yes                        ; 2.32 V                      ; 1.08e-06 V                  ; 2.36 V             ; -0.0113 V          ; 0.122 V                             ; 0.022 V                             ; 4.5e-10 s                  ; 4.45e-10 s                 ; Yes                       ; Yes                       ;
; data_out[7]   ; 2.5 V        ; 0 s                 ; 0 s                 ; 2.32 V                       ; 7.25e-07 V                   ; 2.35 V              ; -0.0111 V           ; 0.113 V                              ; 0.035 V                              ; 7.76e-10 s                  ; 8.04e-10 s                  ; Yes                        ; Yes                        ; 2.32 V                      ; 7.25e-07 V                  ; 2.35 V             ; -0.0111 V          ; 0.113 V                             ; 0.035 V                             ; 7.76e-10 s                 ; 8.04e-10 s                 ; Yes                       ; Yes                       ;
; ~ALTERA_DCLK~ ; 2.5 V        ; 0 s                 ; 0 s                 ; 2.32 V                       ; 5.68e-07 V                   ; 2.35 V              ; -0.0132 V           ; 0.2 V                                ; 0.027 V                              ; 5.26e-10 s                  ; 4.81e-10 s                  ; Yes                        ; Yes                        ; 2.32 V                      ; 5.68e-07 V                  ; 2.35 V             ; -0.0132 V          ; 0.2 V                               ; 0.027 V                             ; 5.26e-10 s                 ; 4.81e-10 s                 ; Yes                       ; Yes                       ;
; ~ALTERA_nCEO~ ; 2.5 V        ; 0 s                 ; 0 s                 ; 2.32 V                       ; 9.36e-07 V                   ; 2.35 V              ; -0.00444 V          ; 0.18 V                               ; 0.019 V                              ; 7.23e-10 s                  ; 9.82e-10 s                  ; Yes                        ; Yes                        ; 2.32 V                      ; 9.36e-07 V                  ; 2.35 V             ; -0.00444 V         ; 0.18 V                              ; 0.019 V                             ; 7.23e-10 s                 ; 9.82e-10 s                 ; Yes                       ; Yes                       ;
+---------------+--------------+---------------------+---------------------+------------------------------+------------------------------+---------------------+---------------------+--------------------------------------+--------------------------------------+-----------------------------+-----------------------------+----------------------------+----------------------------+-----------------------------+-----------------------------+--------------------+--------------------+-------------------------------------+-------------------------------------+----------------------------+----------------------------+---------------------------+---------------------------+


+--------------------------------------------------------------------------------------------------------------------------------------------------------------------------------------------------------------------------------------------------------------------------------------------------------------------------------------------------------------------------------------------------------------------------------------------------------------------------------------------------------------------------------------------------------------------------------------------------------------------------------------------------------------------------------------------+
; Fast Corner Signal Integrity Metrics                                                                                                                                                                                                                                                                                                                                                                                                                                                                                                                                                                                                                                                       ;
+---------------+--------------+---------------------+---------------------+------------------------------+------------------------------+---------------------+---------------------+--------------------------------------+--------------------------------------+-----------------------------+-----------------------------+----------------------------+----------------------------+-----------------------------+-----------------------------+--------------------+--------------------+-------------------------------------+-------------------------------------+----------------------------+----------------------------+---------------------------+---------------------------+
; Pin           ; I/O Standard ; Board Delay on Rise ; Board Delay on Fall ; Steady State Voh at FPGA Pin ; Steady State Vol at FPGA Pin ; Voh Max at FPGA Pin ; Vol Min at FPGA Pin ; Ringback Voltage on Rise at FPGA Pin ; Ringback Voltage on Fall at FPGA Pin ; 10-90 Rise Time at FPGA Pin ; 90-10 Fall Time at FPGA Pin ; Monotonic Rise at FPGA Pin ; Monotonic Fall at FPGA Pin ; Steady State Voh at Far-end ; Steady State Vol at Far-end ; Voh Max at Far-end ; Vol Min at Far-end ; Ringback Voltage on Rise at Far-end ; Ringback Voltage on Fall at Far-end ; 10-90 Rise Time at Far-end ; 90-10 Fall Time at Far-end ; Monotonic Rise at Far-end ; Monotonic Fall at Far-end ;
+---------------+--------------+---------------------+---------------------+------------------------------+------------------------------+---------------------+---------------------+--------------------------------------+--------------------------------------+-----------------------------+-----------------------------+----------------------------+----------------------------+-----------------------------+-----------------------------+--------------------+--------------------+-------------------------------------+-------------------------------------+----------------------------+----------------------------+---------------------------+---------------------------+
; data_out[0]   ; 2.5 V        ; 0 s                 ; 0 s                 ; 2.62 V                       ; 2.78e-08 V                   ; 2.71 V              ; -0.0349 V           ; 0.253 V                              ; 0.069 V                              ; 4.96e-10 s                  ; 5.19e-10 s                  ; No                         ; Yes                        ; 2.62 V                      ; 2.78e-08 V                  ; 2.71 V             ; -0.0349 V          ; 0.253 V                             ; 0.069 V                             ; 4.96e-10 s                 ; 5.19e-10 s                 ; No                        ; Yes                       ;
; data_out[1]   ; 2.5 V        ; 0 s                 ; 0 s                 ; 2.62 V                       ; 4.11e-08 V                   ; 2.73 V              ; -0.0566 V           ; 0.191 V                              ; 0.12 V                               ; 2.69e-10 s                  ; 2.76e-10 s                  ; Yes                        ; Yes                        ; 2.62 V                      ; 4.11e-08 V                  ; 2.73 V             ; -0.0566 V          ; 0.191 V                             ; 0.12 V                              ; 2.69e-10 s                 ; 2.76e-10 s                 ; Yes                       ; Yes                       ;
; data_out[2]   ; 2.5 V        ; 0 s                 ; 0 s                 ; 2.62 V                       ; 4.11e-08 V                   ; 2.73 V              ; -0.0566 V           ; 0.191 V                              ; 0.12 V                               ; 2.69e-10 s                  ; 2.76e-10 s                  ; Yes                        ; Yes                        ; 2.62 V                      ; 4.11e-08 V                  ; 2.73 V             ; -0.0566 V          ; 0.191 V                             ; 0.12 V                              ; 2.69e-10 s                 ; 2.76e-10 s                 ; Yes                       ; Yes                       ;
; data_out[3]   ; 2.5 V        ; 0 s                 ; 0 s                 ; 2.62 V                       ; 4.11e-08 V                   ; 2.73 V              ; -0.0566 V           ; 0.191 V                              ; 0.12 V                               ; 2.69e-10 s                  ; 2.76e-10 s                  ; Yes                        ; Yes                        ; 2.62 V                      ; 4.11e-08 V                  ; 2.73 V             ; -0.0566 V          ; 0.191 V                             ; 0.12 V                              ; 2.69e-10 s                 ; 2.76e-10 s                 ; Yes                       ; Yes                       ;
; data_out[4]   ; 2.5 V        ; 0 s                 ; 0 s                 ; 2.62 V                       ; 2.78e-08 V                   ; 2.71 V              ; -0.0349 V           ; 0.253 V                              ; 0.069 V                              ; 4.96e-10 s                  ; 5.19e-10 s                  ; No                         ; Yes                        ; 2.62 V                      ; 2.78e-08 V                  ; 2.71 V             ; -0.0349 V          ; 0.253 V                             ; 0.069 V                             ; 4.96e-10 s                 ; 5.19e-10 s                 ; No                        ; Yes                       ;
; data_out[5]   ; 2.5 V        ; 0 s                 ; 0 s                 ; 2.62 V                       ; 2.78e-08 V                   ; 2.71 V              ; -0.0349 V           ; 0.253 V                              ; 0.069 V                              ; 4.96e-10 s                  ; 5.19e-10 s                  ; No                         ; Yes                        ; 2.62 V                      ; 2.78e-08 V                  ; 2.71 V             ; -0.0349 V          ; 0.253 V                             ; 0.069 V                             ; 4.96e-10 s                 ; 5.19e-10 s                 ; No                        ; Yes                       ;
; data_out[6]   ; 2.5 V        ; 0 s                 ; 0 s                 ; 2.62 V                       ; 4.11e-08 V                   ; 2.73 V              ; -0.0566 V           ; 0.191 V                              ; 0.12 V                               ; 2.69e-10 s                  ; 2.76e-10 s                  ; Yes                        ; Yes                        ; 2.62 V                      ; 4.11e-08 V                  ; 2.73 V             ; -0.0566 V          ; 0.191 V                             ; 0.12 V                              ; 2.69e-10 s                 ; 2.76e-10 s                 ; Yes                       ; Yes                       ;
; data_out[7]   ; 2.5 V        ; 0 s                 ; 0 s                 ; 2.62 V                       ; 2.78e-08 V                   ; 2.71 V              ; -0.0349 V           ; 0.253 V                              ; 0.069 V                              ; 4.96e-10 s                  ; 5.19e-10 s                  ; No                         ; Yes                        ; 2.62 V                      ; 2.78e-08 V                  ; 2.71 V             ; -0.0349 V          ; 0.253 V                             ; 0.069 V                             ; 4.96e-10 s                 ; 5.19e-10 s                 ; No                        ; Yes                       ;
; ~ALTERA_DCLK~ ; 2.5 V        ; 0 s                 ; 0 s                 ; 2.62 V                       ; 2.22e-08 V                   ; 2.72 V              ; -0.0747 V           ; 0.28 V                               ; 0.169 V                              ; 3.1e-10 s                   ; 3.01e-10 s                  ; No                         ; Yes                        ; 2.62 V                      ; 2.22e-08 V                  ; 2.72 V             ; -0.0747 V          ; 0.28 V                              ; 0.169 V                             ; 3.1e-10 s                  ; 3.01e-10 s                 ; No                        ; Yes                       ;
; ~ALTERA_nCEO~ ; 2.5 V        ; 0 s                 ; 0 s                 ; 2.62 V                       ; 3.53e-08 V                   ; 2.7 V               ; -0.0212 V           ; 0.204 V                              ; 0.049 V                              ; 4.85e-10 s                  ; 6.73e-10 s                  ; No                         ; Yes                        ; 2.62 V                      ; 3.53e-08 V                  ; 2.7 V              ; -0.0212 V          ; 0.204 V                             ; 0.049 V                             ; 4.85e-10 s                 ; 6.73e-10 s                 ; No                        ; Yes                       ;
+---------------+--------------+---------------------+---------------------+------------------------------+------------------------------+---------------------+---------------------+--------------------------------------+--------------------------------------+-----------------------------+-----------------------------+----------------------------+----------------------------+-----------------------------+-----------------------------+--------------------+--------------------+-------------------------------------+-------------------------------------+----------------------------+----------------------------+---------------------------+---------------------------+


-------------------
; Clock Transfers ;
-------------------
Nothing to report.


---------------
; Report TCCS ;
---------------
No dedicated SERDES Transmitter circuitry present in device or used in design


---------------
; Report RSKM ;
---------------
No non-DPA dedicated SERDES Receiver circuitry present in device or used in design


+------------------------------------------------+
; Unconstrained Paths                            ;
+---------------------------------+-------+------+
; Property                        ; Setup ; Hold ;
+---------------------------------+-------+------+
; Illegal Clocks                  ; 0     ; 0    ;
; Unconstrained Clocks            ; 0     ; 0    ;
; Unconstrained Input Ports       ; 40    ; 40   ;
; Unconstrained Input Port Paths  ; 96    ; 96   ;
; Unconstrained Output Ports      ; 8     ; 8    ;
; Unconstrained Output Port Paths ; 96    ; 96   ;
+---------------------------------+-------+------+


+------------------------------------+
; TimeQuest Timing Analyzer Messages ;
+------------------------------------+
Info: *******************************************************************
Info: Running Quartus II 64-Bit TimeQuest Timing Analyzer
    Info: Version 13.1.0 Build 162 10/23/2013 SJ Web Edition
    Info: Processing started: Tue May 28 21:01:15 2024
Info: Command: quartus_sta input_mux -c input_mux
Info: qsta_default_script.tcl version: #1
Warning (20028): Parallel compilation is not licensed and has been disabled
Info (21077): Core supply voltage is 1.2V
Info (21077): Low junction temperature is 0 degrees C
Info (21077): High junction temperature is 85 degrees C
Critical Warning (332012): Synopsys Design Constraints File file not found: 'input_mux.sdc'. A Synopsys Design Constraints File is required by the TimeQuest Timing Analyzer to get proper timing constraints. Without it, the Compiler will not properly optimize the design.
Info (332142): No user constrained base clocks found in the design. Calling "derive_clocks -period 1.0"
Info (332096): The command derive_clocks did not find any clocks to derive.  No clocks were created or changed.
Warning (332068): No clocks defined in design.
Info (332143): No user constrained clock uncertainty found in the design. Calling "derive_clock_uncertainty"
Info (332154): The derive_clock_uncertainty command did not apply clock uncertainty to any clock-to-clock transfers.
Info: Found TIMEQUEST_REPORT_SCRIPT_INCLUDE_DEFAULT_ANALYSIS = ON
Info (332159): No clocks to report
Info: Analyzing Slow 1200mV 85C Model
Info (332140): No fmax paths to report
Info (332140): No Setup paths to report
Info (332140): No Hold paths to report
Info (332140): No Recovery paths to report
Info (332140): No Removal paths to report
Info (332140): No Minimum Pulse Width paths to report
Info: Analyzing Slow 1200mV 0C Model
Info (334003): Started post-fitting delay annotation
Info (334004): Delay annotation completed successfully
Info (332142): No user constrained base clocks found in the design. Calling "derive_clocks -period 1.0"
Info (332096): The command derive_clocks did not find any clocks to derive.  No clocks were created or changed.
Warning (332068): No clocks defined in design.
Info (332154): The derive_clock_uncertainty command did not apply clock uncertainty to any clock-to-clock transfers.
Info (332140): No fmax paths to report
Info (332140): No Setup paths to report
Info (332140): No Hold paths to report
Info (332140): No Recovery paths to report
Info (332140): No Removal paths to report
Info (332140): No Minimum Pulse Width paths to report
Info: Analyzing Fast 1200mV 0C Model
Info (332142): No user constrained base clocks found in the design. Calling "derive_clocks -period 1.0"
Info (332096): The command derive_clocks did not find any clocks to derive.  No clocks were created or changed.
Warning (332068): No clocks defined in design.
Info (332154): The derive_clock_uncertainty command did not apply clock uncertainty to any clock-to-clock transfers.
Info (332140): No Setup paths to report
Info (332140): No Hold paths to report
Info (332140): No Recovery paths to report
Info (332140): No Removal paths to report
Info (332140): No Minimum Pulse Width paths to report
Info (332102): Design is not fully constrained for setup requirements
Info (332102): Design is not fully constrained for hold requirements
Info: Quartus II 64-Bit TimeQuest Timing Analyzer was successful. 0 errors, 5 warnings
    Info: Peak virtual memory: 4624 megabytes
    Info: Processing ended: Tue May 28 21:01:16 2024
    Info: Elapsed time: 00:00:01
    Info: Total CPU time (on all processors): 00:00:01


